<!DOCTYPE html PUBLIC "-//W3C//DTD XHTML 1.1//EN" "http://www.w3.org/TR/xhtml11/DTD/xhtml11.dtd">
<html xmlns="http://www.w3.org/1999/xhtml"><head><title>TestNG Report</title><style type="text/css">table {margin-bottom:10px;border-collapse:collapse;empty-cells:show}th,td {border:1px solid #009;padding:.25em .5em}th {vertical-align:bottom}td {vertical-align:top}table a {font-weight:bold}.stripe td {background-color: #E6EBF9}.num {text-align:right}.passedodd td {background-color: #3F3}.passedeven td {background-color: #0A0}.skippedodd td {background-color: #DDD}.skippedeven td {background-color: #CCC}.failedodd td,.attn {background-color: #F33}.failedeven td,.stripe .attn {background-color: #D00}.stacktrace {white-space:pre;font-family:monospace}.totop {font-size:85%;text-align:center;border-bottom:2px solid #000}</style></head><body><table><tr><th>Test</th><th># Passed</th><th># Skipped</th><th># Failed</th><th>Time (ms)</th><th>Included Groups</th><th>Excluded Groups</th></tr><tr><th colspan="7">Default suite</th></tr><tr><td><a href="#t0">Default test</a></td><td class="num">51</td><td class="num">0</td><td class="num attn">22</td><td class="num">62,644</td><td></td><td></td></tr></table><table><thead><tr><th>Class</th><th>Method</th><th>Start</th><th>Time (ms)</th></tr></thead><tbody><tr><th colspan="4">Default suite</th></tr></tbody><tbody id="t0"><tr><th colspan="4">Default test &#8212; failed</th></tr><tr class="failedeven"><td rowspan="22">testCases.HybridExecuteTest</td><td><a href="#m0">testLogin</a></td><td rowspan="22">1478713169957</td><td rowspan="22">1047</td></tr><tr class="failedeven"><td><a href="#m1">testLogin</a></td></tr><tr class="failedeven"><td><a href="#m2">testLogin</a></td></tr><tr class="failedeven"><td><a href="#m3">testLogin</a></td></tr><tr class="failedeven"><td><a href="#m4">testLogin</a></td></tr><tr class="failedeven"><td><a href="#m5">testLogin</a></td></tr><tr class="failedeven"><td><a href="#m6">testLogin</a></td></tr><tr class="failedeven"><td><a href="#m7">testLogin</a></td></tr><tr class="failedeven"><td><a href="#m8">testLogin</a></td></tr><tr class="failedeven"><td><a href="#m9">testLogin</a></td></tr><tr class="failedeven"><td><a href="#m10">testLogin</a></td></tr><tr class="failedeven"><td><a href="#m11">testLogin</a></td></tr><tr class="failedeven"><td><a href="#m12">testLogin</a></td></tr><tr class="failedeven"><td><a href="#m13">testLogin</a></td></tr><tr class="failedeven"><td><a href="#m14">testLogin</a></td></tr><tr class="failedeven"><td><a href="#m15">testLogin</a></td></tr><tr class="failedeven"><td><a href="#m16">testLogin</a></td></tr><tr class="failedeven"><td><a href="#m17">testLogin</a></td></tr><tr class="failedeven"><td><a href="#m18">testLogin</a></td></tr><tr class="failedeven"><td><a href="#m19">testLogin</a></td></tr><tr class="failedeven"><td><a href="#m20">testLogin</a></td></tr><tr class="failedeven"><td><a href="#m21">testLogin</a></td></tr><tr><th colspan="4">Default test &#8212; passed</th></tr><tr class="passedeven"><td rowspan="51">testCases.HybridExecuteTest</td><td><a href="#m22">testLogin</a></td><td rowspan="51">1478713140884</td><td rowspan="51">1608</td></tr><tr class="passedeven"><td><a href="#m23">testLogin</a></td></tr><tr class="passedeven"><td><a href="#m24">testLogin</a></td></tr><tr class="passedeven"><td><a href="#m25">testLogin</a></td></tr><tr class="passedeven"><td><a href="#m26">testLogin</a></td></tr><tr class="passedeven"><td><a href="#m27">testLogin</a></td></tr><tr class="passedeven"><td><a href="#m28">testLogin</a></td></tr><tr class="passedeven"><td><a href="#m29">testLogin</a></td></tr><tr class="passedeven"><td><a href="#m30">testLogin</a></td></tr><tr class="passedeven"><td><a href="#m31">testLogin</a></td></tr><tr class="passedeven"><td><a href="#m32">testLogin</a></td></tr><tr class="passedeven"><td><a href="#m33">testLogin</a></td></tr><tr class="passedeven"><td><a href="#m34">testLogin</a></td></tr><tr class="passedeven"><td><a href="#m35">testLogin</a></td></tr><tr class="passedeven"><td><a href="#m36">testLogin</a></td></tr><tr class="passedeven"><td><a href="#m37">testLogin</a></td></tr><tr class="passedeven"><td><a href="#m38">testLogin</a></td></tr><tr class="passedeven"><td><a href="#m39">testLogin</a></td></tr><tr class="passedeven"><td><a href="#m40">testLogin</a></td></tr><tr class="passedeven"><td><a href="#m41">testLogin</a></td></tr><tr class="passedeven"><td><a href="#m42">testLogin</a></td></tr><tr class="passedeven"><td><a href="#m43">testLogin</a></td></tr><tr class="passedeven"><td><a href="#m44">testLogin</a></td></tr><tr class="passedeven"><td><a href="#m45">testLogin</a></td></tr><tr class="passedeven"><td><a href="#m46">testLogin</a></td></tr><tr class="passedeven"><td><a href="#m47">testLogin</a></td></tr><tr class="passedeven"><td><a href="#m48">testLogin</a></td></tr><tr class="passedeven"><td><a href="#m49">testLogin</a></td></tr><tr class="passedeven"><td><a href="#m50">testLogin</a></td></tr><tr class="passedeven"><td><a href="#m51">testLogin</a></td></tr><tr class="passedeven"><td><a href="#m52">testLogin</a></td></tr><tr class="passedeven"><td><a href="#m53">testLogin</a></td></tr><tr class="passedeven"><td><a href="#m54">testLogin</a></td></tr><tr class="passedeven"><td><a href="#m55">testLogin</a></td></tr><tr class="passedeven"><td><a href="#m56">testLogin</a></td></tr><tr class="passedeven"><td><a href="#m57">testLogin</a></td></tr><tr class="passedeven"><td><a href="#m58">testLogin</a></td></tr><tr class="passedeven"><td><a href="#m59">testLogin</a></td></tr><tr class="passedeven"><td><a href="#m60">testLogin</a></td></tr><tr class="passedeven"><td><a href="#m61">testLogin</a></td></tr><tr class="passedeven"><td><a href="#m62">testLogin</a></td></tr><tr class="passedeven"><td><a href="#m63">testLogin</a></td></tr><tr class="passedeven"><td><a href="#m64">testLogin</a></td></tr><tr class="passedeven"><td><a href="#m65">testLogin</a></td></tr><tr class="passedeven"><td><a href="#m66">testLogin</a></td></tr><tr class="passedeven"><td><a href="#m67">testLogin</a></td></tr><tr class="passedeven"><td><a href="#m68">testLogin</a></td></tr><tr class="passedeven"><td><a href="#m69">testLogin</a></td></tr><tr class="passedeven"><td><a href="#m70">testLogin</a></td></tr><tr class="passedeven"><td><a href="#m71">testLogin</a></td></tr><tr class="passedeven"><td><a href="#m72">testLogin</a></td></tr></tbody></table><h2>Default test</h2><h3 id="m0">testCases.HybridExecuteTest#testLogin</h3><table class="result"><tr class="param"><th>Parameter #1</th><th>Parameter #2</th><th>Parameter #3</th><th>Parameter #4</th><th>Parameter #5</th></tr><tr class="param stripe"><td></td><td>SETTEXT</td><td>cname</td><td>name</td><td>vincentn</td></tr><tr><th colspan="5">Exception</th></tr><tr><td colspan="5"><div class="stacktrace">org.openqa.selenium.NoSuchElementException: Unable to locate element: {&quot;method&quot;:&quot;name&quot;,&quot;selector&quot;:&quot;name&quot;}
Command duration or timeout: 1.04 seconds
For documentation on this error, please visit: http://seleniumhq.org/exceptions/no_such_element.html
Build info: version: &apos;2.52.0&apos;, revision: &apos;4c2593c&apos;, time: &apos;2016-02-11 19:06:42&apos;
System info: host: &apos;N/A&apos;, ip: &apos;N/A&apos;, os.name: &apos;Mac OS X&apos;, os.arch: &apos;x86_64&apos;, os.version: &apos;10.11.3&apos;, java.version: &apos;1.7.0_79&apos;
*** Element info: {Using=name, value=name}
Session ID: ed0f55ff-0d3e-be4b-8c35-7ae12a89e051
Driver info: org.openqa.selenium.firefox.FirefoxDriver
Capabilities [{platform=MAC, acceptSslCerts=true, javascriptEnabled=true, cssSelectorsEnabled=true, databaseEnabled=true, browserName=firefox, handlesAlerts=true, nativeEvents=false, webStorageEnabled=true, rotatable=false, locationContextEnabled=true, applicationCacheEnabled=true, takesScreenshot=true, version=40.0}]
	at sun.reflect.NativeConstructorAccessorImpl.newInstance0(Native Method)
	at sun.reflect.NativeConstructorAccessorImpl.newInstance(NativeConstructorAccessorImpl.java:57)
	at sun.reflect.DelegatingConstructorAccessorImpl.newInstance(DelegatingConstructorAccessorImpl.java:45)
	at java.lang.reflect.Constructor.newInstance(Constructor.java:526)
	at org.openqa.selenium.remote.ErrorHandler.createThrowable(ErrorHandler.java:206)
	at org.openqa.selenium.remote.ErrorHandler.throwIfResponseFailed(ErrorHandler.java:158)
	at org.openqa.selenium.remote.RemoteWebDriver.execute(RemoteWebDriver.java:678)
	at org.openqa.selenium.remote.RemoteWebDriver.findElement(RemoteWebDriver.java:363)
	at org.openqa.selenium.remote.RemoteWebDriver.findElementByName(RemoteWebDriver.java:461)
	at org.openqa.selenium.By$ByName.findElement(By.java:303)
	at org.openqa.selenium.remote.RemoteWebDriver.findElement(RemoteWebDriver.java:355)
	at operation.UIOperation.perform(UIOperation.java:23)
	at testCases.HybridExecuteTest.testLogin(HybridExecuteTest.java:32)
	at sun.reflect.GeneratedMethodAccessor2.invoke(Unknown Source)
	at sun.reflect.DelegatingMethodAccessorImpl.invoke(DelegatingMethodAccessorImpl.java:43)
	at java.lang.reflect.Method.invoke(Method.java:606)
	at org.testng.internal.MethodInvocationHelper.invokeMethod(MethodInvocationHelper.java:85)
	at org.testng.internal.Invoker.invokeMethod(Invoker.java:639)
	at org.testng.internal.Invoker.invokeTestMethod(Invoker.java:816)
	at org.testng.internal.Invoker.invokeTestMethods(Invoker.java:1124)
	at org.testng.internal.TestMethodWorker.invokeTestMethods(TestMethodWorker.java:125)
	at org.testng.internal.TestMethodWorker.run(TestMethodWorker.java:108)
	at org.testng.TestRunner.privateRun(TestRunner.java:774)
	at org.testng.TestRunner.run(TestRunner.java:624)
	at org.testng.SuiteRunner.runTest(SuiteRunner.java:359)
	at org.testng.SuiteRunner.runSequentially(SuiteRunner.java:354)
	at org.testng.SuiteRunner.privateRun(SuiteRunner.java:312)
	at org.testng.SuiteRunner.run(SuiteRunner.java:261)
	at org.testng.SuiteRunnerWorker.runSuite(SuiteRunnerWorker.java:52)
	at org.testng.SuiteRunnerWorker.run(SuiteRunnerWorker.java:86)
	at org.testng.TestNG.runSuitesSequentially(TestNG.java:1215)
	at org.testng.TestNG.runSuitesLocally(TestNG.java:1140)
	at org.testng.TestNG.run(TestNG.java:1048)
	at org.testng.remote.AbstractRemoteTestNG.run(AbstractRemoteTestNG.java:126)
	at org.testng.remote.RemoteTestNG.initAndRun(RemoteTestNG.java:137)
	at org.testng.remote.RemoteTestNG.main(RemoteTestNG.java:58)
Caused by: org.openqa.selenium.NoSuchElementException: Unable to locate element: {&quot;method&quot;:&quot;name&quot;,&quot;selector&quot;:&quot;name&quot;}
For documentation on this error, please visit: http://seleniumhq.org/exceptions/no_such_element.html
Build info: version: &apos;2.52.0&apos;, revision: &apos;4c2593c&apos;, time: &apos;2016-02-11 19:06:42&apos;
System info: host: &apos;N/A&apos;, ip: &apos;N/A&apos;, os.name: &apos;Mac OS X&apos;, os.arch: &apos;x86_64&apos;, os.version: &apos;10.11.3&apos;, java.version: &apos;1.7.0_79&apos;
Driver info: driver.version: unknown
	at &lt;anonymous class&gt;.FirefoxDriver.prototype.findElementInternal_(file:///var/folders/h3/f9f_38q12mz28hstwjhknfv40000gn/T/anonymous3464882444178610356webdriver-profile/extensions/fxdriver@googlecode.com/components/driver-component.js:10723)
	at &lt;anonymous class&gt;.FirefoxDriver.prototype.findElement(file:///var/folders/h3/f9f_38q12mz28hstwjhknfv40000gn/T/anonymous3464882444178610356webdriver-profile/extensions/fxdriver@googlecode.com/components/driver-component.js:10732)
	at &lt;anonymous class&gt;.DelayedCommand.prototype.executeInternal_/h(file:///var/folders/h3/f9f_38q12mz28hstwjhknfv40000gn/T/anonymous3464882444178610356webdriver-profile/extensions/fxdriver@googlecode.com/components/command-processor.js:12614)
	at &lt;anonymous class&gt;.DelayedCommand.prototype.executeInternal_(file:///var/folders/h3/f9f_38q12mz28hstwjhknfv40000gn/T/anonymous3464882444178610356webdriver-profile/extensions/fxdriver@googlecode.com/components/command-processor.js:12619)
	at &lt;anonymous class&gt;.DelayedCommand.prototype.execute/&lt;(file:///var/folders/h3/f9f_38q12mz28hstwjhknfv40000gn/T/anonymous3464882444178610356webdriver-profile/extensions/fxdriver@googlecode.com/components/command-processor.js:12561)
</div></td></tr></table><p class="totop"><a href="#summary">back to summary</a></p><h3 id="m1">testCases.HybridExecuteTest#testLogin</h3><table class="result"><tr class="param"><th>Parameter #1</th><th>Parameter #2</th><th>Parameter #3</th><th>Parameter #4</th><th>Parameter #5</th></tr><tr class="param stripe"><td></td><td>SETTEXT</td><td>email</td><td>name</td><td>test12l36@gfddmail.com</td></tr><tr><th colspan="5">Exception</th></tr><tr><td colspan="5"><div class="stacktrace">org.openqa.selenium.NoSuchElementException: Unable to locate element: {&quot;method&quot;:&quot;name&quot;,&quot;selector&quot;:&quot;emailid&quot;}
Command duration or timeout: 21 milliseconds
For documentation on this error, please visit: http://seleniumhq.org/exceptions/no_such_element.html
Build info: version: &apos;2.52.0&apos;, revision: &apos;4c2593c&apos;, time: &apos;2016-02-11 19:06:42&apos;
System info: host: &apos;N/A&apos;, ip: &apos;N/A&apos;, os.name: &apos;Mac OS X&apos;, os.arch: &apos;x86_64&apos;, os.version: &apos;10.11.3&apos;, java.version: &apos;1.7.0_79&apos;
*** Element info: {Using=name, value=emailid}
Session ID: 904adb57-3edf-a040-858f-b79d8d33475e
Driver info: org.openqa.selenium.firefox.FirefoxDriver
Capabilities [{platform=MAC, acceptSslCerts=true, javascriptEnabled=true, cssSelectorsEnabled=true, databaseEnabled=true, browserName=firefox, handlesAlerts=true, nativeEvents=false, webStorageEnabled=true, rotatable=false, locationContextEnabled=true, applicationCacheEnabled=true, takesScreenshot=true, version=40.0}]
	at sun.reflect.NativeConstructorAccessorImpl.newInstance0(Native Method)
	at sun.reflect.NativeConstructorAccessorImpl.newInstance(NativeConstructorAccessorImpl.java:57)
	at sun.reflect.DelegatingConstructorAccessorImpl.newInstance(DelegatingConstructorAccessorImpl.java:45)
	at java.lang.reflect.Constructor.newInstance(Constructor.java:526)
	at org.openqa.selenium.remote.ErrorHandler.createThrowable(ErrorHandler.java:206)
	at org.openqa.selenium.remote.ErrorHandler.throwIfResponseFailed(ErrorHandler.java:158)
	at org.openqa.selenium.remote.RemoteWebDriver.execute(RemoteWebDriver.java:678)
	at org.openqa.selenium.remote.RemoteWebDriver.findElement(RemoteWebDriver.java:363)
	at org.openqa.selenium.remote.RemoteWebDriver.findElementByName(RemoteWebDriver.java:461)
	at org.openqa.selenium.By$ByName.findElement(By.java:303)
	at org.openqa.selenium.remote.RemoteWebDriver.findElement(RemoteWebDriver.java:355)
	at operation.UIOperation.perform(UIOperation.java:23)
	at testCases.HybridExecuteTest.testLogin(HybridExecuteTest.java:32)
	at sun.reflect.GeneratedMethodAccessor2.invoke(Unknown Source)
	at sun.reflect.DelegatingMethodAccessorImpl.invoke(DelegatingMethodAccessorImpl.java:43)
	at java.lang.reflect.Method.invoke(Method.java:606)
	at org.testng.internal.MethodInvocationHelper.invokeMethod(MethodInvocationHelper.java:85)
	at org.testng.internal.Invoker.invokeMethod(Invoker.java:639)
	at org.testng.internal.Invoker.invokeTestMethod(Invoker.java:816)
	at org.testng.internal.Invoker.invokeTestMethods(Invoker.java:1124)
	at org.testng.internal.TestMethodWorker.invokeTestMethods(TestMethodWorker.java:125)
	at org.testng.internal.TestMethodWorker.run(TestMethodWorker.java:108)
	at org.testng.TestRunner.privateRun(TestRunner.java:774)
	at org.testng.TestRunner.run(TestRunner.java:624)
	at org.testng.SuiteRunner.runTest(SuiteRunner.java:359)
	at org.testng.SuiteRunner.runSequentially(SuiteRunner.java:354)
	at org.testng.SuiteRunner.privateRun(SuiteRunner.java:312)
	at org.testng.SuiteRunner.run(SuiteRunner.java:261)
	at org.testng.SuiteRunnerWorker.runSuite(SuiteRunnerWorker.java:52)
	at org.testng.SuiteRunnerWorker.run(SuiteRunnerWorker.java:86)
	at org.testng.TestNG.runSuitesSequentially(TestNG.java:1215)
	at org.testng.TestNG.runSuitesLocally(TestNG.java:1140)
	at org.testng.TestNG.run(TestNG.java:1048)
	at org.testng.remote.AbstractRemoteTestNG.run(AbstractRemoteTestNG.java:126)
	at org.testng.remote.RemoteTestNG.initAndRun(RemoteTestNG.java:137)
	at org.testng.remote.RemoteTestNG.main(RemoteTestNG.java:58)
Caused by: org.openqa.selenium.NoSuchElementException: Unable to locate element: {&quot;method&quot;:&quot;name&quot;,&quot;selector&quot;:&quot;emailid&quot;}
For documentation on this error, please visit: http://seleniumhq.org/exceptions/no_such_element.html
Build info: version: &apos;2.52.0&apos;, revision: &apos;4c2593c&apos;, time: &apos;2016-02-11 19:06:42&apos;
System info: host: &apos;N/A&apos;, ip: &apos;N/A&apos;, os.name: &apos;Mac OS X&apos;, os.arch: &apos;x86_64&apos;, os.version: &apos;10.11.3&apos;, java.version: &apos;1.7.0_79&apos;
Driver info: driver.version: unknown
	at &lt;anonymous class&gt;.FirefoxDriver.prototype.findElementInternal_(file:///var/folders/h3/f9f_38q12mz28hstwjhknfv40000gn/T/anonymous4924798577379947887webdriver-profile/extensions/fxdriver@googlecode.com/components/driver-component.js:10723)
	at &lt;anonymous class&gt;.FirefoxDriver.prototype.findElement(file:///var/folders/h3/f9f_38q12mz28hstwjhknfv40000gn/T/anonymous4924798577379947887webdriver-profile/extensions/fxdriver@googlecode.com/components/driver-component.js:10732)
	at &lt;anonymous class&gt;.DelayedCommand.prototype.executeInternal_/h(file:///var/folders/h3/f9f_38q12mz28hstwjhknfv40000gn/T/anonymous4924798577379947887webdriver-profile/extensions/fxdriver@googlecode.com/components/command-processor.js:12614)
	at &lt;anonymous class&gt;.DelayedCommand.prototype.executeInternal_(file:///var/folders/h3/f9f_38q12mz28hstwjhknfv40000gn/T/anonymous4924798577379947887webdriver-profile/extensions/fxdriver@googlecode.com/components/command-processor.js:12619)
	at &lt;anonymous class&gt;.DelayedCommand.prototype.execute/&lt;(file:///var/folders/h3/f9f_38q12mz28hstwjhknfv40000gn/T/anonymous4924798577379947887webdriver-profile/extensions/fxdriver@googlecode.com/components/command-processor.js:12561)
</div></td></tr></table><p class="totop"><a href="#summary">back to summary</a></p><h3 id="m2">testCases.HybridExecuteTest#testLogin</h3><table class="result"><tr class="param"><th>Parameter #1</th><th>Parameter #2</th><th>Parameter #3</th><th>Parameter #4</th><th>Parameter #5</th></tr><tr class="param stripe"><td></td><td>CLICK</td><td>path</td><td>xpath</td><td></td></tr><tr><th colspan="5">Exception</th></tr><tr><td colspan="5"><div class="stacktrace">org.openqa.selenium.UnhandledAlertException: Unexpected modal dialog (text: User or Password is not valid): User or Password is not valid
Build info: version: &apos;2.52.0&apos;, revision: &apos;4c2593c&apos;, time: &apos;2016-02-11 19:06:42&apos;
System info: host: &apos;N/A&apos;, ip: &apos;N/A&apos;, os.name: &apos;Mac OS X&apos;, os.arch: &apos;x86_64&apos;, os.version: &apos;10.11.3&apos;, java.version: &apos;1.7.0_79&apos;
*** Element info: {Using=xpath, value=html/body/div[2]/div/ul/li[2]/a}
Session ID: 904adb57-3edf-a040-858f-b79d8d33475e
Driver info: org.openqa.selenium.firefox.FirefoxDriver
Capabilities [{platform=MAC, acceptSslCerts=true, javascriptEnabled=true, cssSelectorsEnabled=true, databaseEnabled=true, browserName=firefox, handlesAlerts=true, nativeEvents=false, webStorageEnabled=true, rotatable=false, locationContextEnabled=true, applicationCacheEnabled=true, takesScreenshot=true, version=40.0}]
	at sun.reflect.NativeConstructorAccessorImpl.newInstance0(Native Method)
	at sun.reflect.NativeConstructorAccessorImpl.newInstance(NativeConstructorAccessorImpl.java:57)
	at sun.reflect.DelegatingConstructorAccessorImpl.newInstance(DelegatingConstructorAccessorImpl.java:45)
	at java.lang.reflect.Constructor.newInstance(Constructor.java:526)
	at org.openqa.selenium.remote.ErrorHandler.createThrowable(ErrorHandler.java:206)
	at org.openqa.selenium.remote.ErrorHandler.createUnhandledAlertException(ErrorHandler.java:187)
	at org.openqa.selenium.remote.ErrorHandler.throwIfResponseFailed(ErrorHandler.java:154)
	at org.openqa.selenium.remote.RemoteWebDriver.execute(RemoteWebDriver.java:678)
	at org.openqa.selenium.remote.RemoteWebDriver.findElement(RemoteWebDriver.java:363)
	at org.openqa.selenium.remote.RemoteWebDriver.findElementByXPath(RemoteWebDriver.java:500)
	at org.openqa.selenium.By$ByXPath.findElement(By.java:361)
	at org.openqa.selenium.remote.RemoteWebDriver.findElement(RemoteWebDriver.java:355)
	at operation.UIOperation.perform(UIOperation.java:19)
	at testCases.HybridExecuteTest.testLogin(HybridExecuteTest.java:32)
	at sun.reflect.GeneratedMethodAccessor2.invoke(Unknown Source)
	at sun.reflect.DelegatingMethodAccessorImpl.invoke(DelegatingMethodAccessorImpl.java:43)
	at java.lang.reflect.Method.invoke(Method.java:606)
	at org.testng.internal.MethodInvocationHelper.invokeMethod(MethodInvocationHelper.java:85)
	at org.testng.internal.Invoker.invokeMethod(Invoker.java:639)
	at org.testng.internal.Invoker.invokeTestMethod(Invoker.java:816)
	at org.testng.internal.Invoker.invokeTestMethods(Invoker.java:1124)
	at org.testng.internal.TestMethodWorker.invokeTestMethods(TestMethodWorker.java:125)
	at org.testng.internal.TestMethodWorker.run(TestMethodWorker.java:108)
	at org.testng.TestRunner.privateRun(TestRunner.java:774)
	at org.testng.TestRunner.run(TestRunner.java:624)
	at org.testng.SuiteRunner.runTest(SuiteRunner.java:359)
	at org.testng.SuiteRunner.runSequentially(SuiteRunner.java:354)
	at org.testng.SuiteRunner.privateRun(SuiteRunner.java:312)
	at org.testng.SuiteRunner.run(SuiteRunner.java:261)
	at org.testng.SuiteRunnerWorker.runSuite(SuiteRunnerWorker.java:52)
	at org.testng.SuiteRunnerWorker.run(SuiteRunnerWorker.java:86)
	at org.testng.TestNG.runSuitesSequentially(TestNG.java:1215)
	at org.testng.TestNG.runSuitesLocally(TestNG.java:1140)
	at org.testng.TestNG.run(TestNG.java:1048)
	at org.testng.remote.AbstractRemoteTestNG.run(AbstractRemoteTestNG.java:126)
	at org.testng.remote.RemoteTestNG.initAndRun(RemoteTestNG.java:137)
	at org.testng.remote.RemoteTestNG.main(RemoteTestNG.java:58)
</div></td></tr></table><p class="totop"><a href="#summary">back to summary</a></p><h3 id="m3">testCases.HybridExecuteTest#testLogin</h3><table class="result"><tr class="param"><th>Parameter #1</th><th>Parameter #2</th><th>Parameter #3</th><th>Parameter #4</th><th>Parameter #5</th></tr><tr class="param stripe"><td></td><td>SETTEXT</td><td>sta</td><td>name</td><td>maharashtra</td></tr><tr><th colspan="5">Exception</th></tr><tr><td colspan="5"><div class="stacktrace">org.openqa.selenium.NoSuchElementException: Unable to locate element: {&quot;method&quot;:&quot;name&quot;,&quot;selector&quot;:&quot;state&quot;}
Command duration or timeout: 24 milliseconds
For documentation on this error, please visit: http://seleniumhq.org/exceptions/no_such_element.html
Build info: version: &apos;2.52.0&apos;, revision: &apos;4c2593c&apos;, time: &apos;2016-02-11 19:06:42&apos;
System info: host: &apos;N/A&apos;, ip: &apos;N/A&apos;, os.name: &apos;Mac OS X&apos;, os.arch: &apos;x86_64&apos;, os.version: &apos;10.11.3&apos;, java.version: &apos;1.7.0_79&apos;
*** Element info: {Using=name, value=state}
Session ID: ed0f55ff-0d3e-be4b-8c35-7ae12a89e051
Driver info: org.openqa.selenium.firefox.FirefoxDriver
Capabilities [{platform=MAC, acceptSslCerts=true, javascriptEnabled=true, cssSelectorsEnabled=true, databaseEnabled=true, browserName=firefox, handlesAlerts=true, nativeEvents=false, webStorageEnabled=true, rotatable=false, locationContextEnabled=true, applicationCacheEnabled=true, takesScreenshot=true, version=40.0}]
	at sun.reflect.NativeConstructorAccessorImpl.newInstance0(Native Method)
	at sun.reflect.NativeConstructorAccessorImpl.newInstance(NativeConstructorAccessorImpl.java:57)
	at sun.reflect.DelegatingConstructorAccessorImpl.newInstance(DelegatingConstructorAccessorImpl.java:45)
	at java.lang.reflect.Constructor.newInstance(Constructor.java:526)
	at org.openqa.selenium.remote.ErrorHandler.createThrowable(ErrorHandler.java:206)
	at org.openqa.selenium.remote.ErrorHandler.throwIfResponseFailed(ErrorHandler.java:158)
	at org.openqa.selenium.remote.RemoteWebDriver.execute(RemoteWebDriver.java:678)
	at org.openqa.selenium.remote.RemoteWebDriver.findElement(RemoteWebDriver.java:363)
	at org.openqa.selenium.remote.RemoteWebDriver.findElementByName(RemoteWebDriver.java:461)
	at org.openqa.selenium.By$ByName.findElement(By.java:303)
	at org.openqa.selenium.remote.RemoteWebDriver.findElement(RemoteWebDriver.java:355)
	at operation.UIOperation.perform(UIOperation.java:23)
	at testCases.HybridExecuteTest.testLogin(HybridExecuteTest.java:32)
	at sun.reflect.GeneratedMethodAccessor2.invoke(Unknown Source)
	at sun.reflect.DelegatingMethodAccessorImpl.invoke(DelegatingMethodAccessorImpl.java:43)
	at java.lang.reflect.Method.invoke(Method.java:606)
	at org.testng.internal.MethodInvocationHelper.invokeMethod(MethodInvocationHelper.java:85)
	at org.testng.internal.Invoker.invokeMethod(Invoker.java:639)
	at org.testng.internal.Invoker.invokeTestMethod(Invoker.java:816)
	at org.testng.internal.Invoker.invokeTestMethods(Invoker.java:1124)
	at org.testng.internal.TestMethodWorker.invokeTestMethods(TestMethodWorker.java:125)
	at org.testng.internal.TestMethodWorker.run(TestMethodWorker.java:108)
	at org.testng.TestRunner.privateRun(TestRunner.java:774)
	at org.testng.TestRunner.run(TestRunner.java:624)
	at org.testng.SuiteRunner.runTest(SuiteRunner.java:359)
	at org.testng.SuiteRunner.runSequentially(SuiteRunner.java:354)
	at org.testng.SuiteRunner.privateRun(SuiteRunner.java:312)
	at org.testng.SuiteRunner.run(SuiteRunner.java:261)
	at org.testng.SuiteRunnerWorker.runSuite(SuiteRunnerWorker.java:52)
	at org.testng.SuiteRunnerWorker.run(SuiteRunnerWorker.java:86)
	at org.testng.TestNG.runSuitesSequentially(TestNG.java:1215)
	at org.testng.TestNG.runSuitesLocally(TestNG.java:1140)
	at org.testng.TestNG.run(TestNG.java:1048)
	at org.testng.remote.AbstractRemoteTestNG.run(AbstractRemoteTestNG.java:126)
	at org.testng.remote.RemoteTestNG.initAndRun(RemoteTestNG.java:137)
	at org.testng.remote.RemoteTestNG.main(RemoteTestNG.java:58)
Caused by: org.openqa.selenium.NoSuchElementException: Unable to locate element: {&quot;method&quot;:&quot;name&quot;,&quot;selector&quot;:&quot;state&quot;}
For documentation on this error, please visit: http://seleniumhq.org/exceptions/no_such_element.html
Build info: version: &apos;2.52.0&apos;, revision: &apos;4c2593c&apos;, time: &apos;2016-02-11 19:06:42&apos;
System info: host: &apos;N/A&apos;, ip: &apos;N/A&apos;, os.name: &apos;Mac OS X&apos;, os.arch: &apos;x86_64&apos;, os.version: &apos;10.11.3&apos;, java.version: &apos;1.7.0_79&apos;
Driver info: driver.version: unknown
	at &lt;anonymous class&gt;.FirefoxDriver.prototype.findElementInternal_(file:///var/folders/h3/f9f_38q12mz28hstwjhknfv40000gn/T/anonymous3464882444178610356webdriver-profile/extensions/fxdriver@googlecode.com/components/driver-component.js:10723)
	at &lt;anonymous class&gt;.FirefoxDriver.prototype.findElement(file:///var/folders/h3/f9f_38q12mz28hstwjhknfv40000gn/T/anonymous3464882444178610356webdriver-profile/extensions/fxdriver@googlecode.com/components/driver-component.js:10732)
	at &lt;anonymous class&gt;.DelayedCommand.prototype.executeInternal_/h(file:///var/folders/h3/f9f_38q12mz28hstwjhknfv40000gn/T/anonymous3464882444178610356webdriver-profile/extensions/fxdriver@googlecode.com/components/command-processor.js:12614)
	at &lt;anonymous class&gt;.DelayedCommand.prototype.executeInternal_(file:///var/folders/h3/f9f_38q12mz28hstwjhknfv40000gn/T/anonymous3464882444178610356webdriver-profile/extensions/fxdriver@googlecode.com/components/command-processor.js:12619)
	at &lt;anonymous class&gt;.DelayedCommand.prototype.execute/&lt;(file:///var/folders/h3/f9f_38q12mz28hstwjhknfv40000gn/T/anonymous3464882444178610356webdriver-profile/extensions/fxdriver@googlecode.com/components/command-processor.js:12561)
</div></td></tr></table><p class="totop"><a href="#summary">back to summary</a></p><h3 id="m4">testCases.HybridExecuteTest#testLogin</h3><table class="result"><tr class="param"><th>Parameter #1</th><th>Parameter #2</th><th>Parameter #3</th><th>Parameter #4</th><th>Parameter #5</th></tr><tr class="param stripe"><td></td><td>SETTEXT</td><td>email</td><td>name</td><td>test123j7@gfddmail.com</td></tr><tr><th colspan="5">Exception</th></tr><tr><td colspan="5"><div class="stacktrace">org.openqa.selenium.NoSuchElementException: Unable to locate element: {&quot;method&quot;:&quot;name&quot;,&quot;selector&quot;:&quot;emailid&quot;}
Command duration or timeout: 25 milliseconds
For documentation on this error, please visit: http://seleniumhq.org/exceptions/no_such_element.html
Build info: version: &apos;2.52.0&apos;, revision: &apos;4c2593c&apos;, time: &apos;2016-02-11 19:06:42&apos;
System info: host: &apos;N/A&apos;, ip: &apos;N/A&apos;, os.name: &apos;Mac OS X&apos;, os.arch: &apos;x86_64&apos;, os.version: &apos;10.11.3&apos;, java.version: &apos;1.7.0_79&apos;
*** Element info: {Using=name, value=emailid}
Session ID: ed0f55ff-0d3e-be4b-8c35-7ae12a89e051
Driver info: org.openqa.selenium.firefox.FirefoxDriver
Capabilities [{platform=MAC, acceptSslCerts=true, javascriptEnabled=true, cssSelectorsEnabled=true, databaseEnabled=true, browserName=firefox, handlesAlerts=true, nativeEvents=false, webStorageEnabled=true, rotatable=false, locationContextEnabled=true, applicationCacheEnabled=true, takesScreenshot=true, version=40.0}]
	at sun.reflect.GeneratedConstructorAccessor18.newInstance(Unknown Source)
	at sun.reflect.DelegatingConstructorAccessorImpl.newInstance(DelegatingConstructorAccessorImpl.java:45)
	at java.lang.reflect.Constructor.newInstance(Constructor.java:526)
	at org.openqa.selenium.remote.ErrorHandler.createThrowable(ErrorHandler.java:206)
	at org.openqa.selenium.remote.ErrorHandler.throwIfResponseFailed(ErrorHandler.java:158)
	at org.openqa.selenium.remote.RemoteWebDriver.execute(RemoteWebDriver.java:678)
	at org.openqa.selenium.remote.RemoteWebDriver.findElement(RemoteWebDriver.java:363)
	at org.openqa.selenium.remote.RemoteWebDriver.findElementByName(RemoteWebDriver.java:461)
	at org.openqa.selenium.By$ByName.findElement(By.java:303)
	at org.openqa.selenium.remote.RemoteWebDriver.findElement(RemoteWebDriver.java:355)
	at operation.UIOperation.perform(UIOperation.java:23)
	at testCases.HybridExecuteTest.testLogin(HybridExecuteTest.java:32)
	at sun.reflect.GeneratedMethodAccessor2.invoke(Unknown Source)
	at sun.reflect.DelegatingMethodAccessorImpl.invoke(DelegatingMethodAccessorImpl.java:43)
	at java.lang.reflect.Method.invoke(Method.java:606)
	at org.testng.internal.MethodInvocationHelper.invokeMethod(MethodInvocationHelper.java:85)
	at org.testng.internal.Invoker.invokeMethod(Invoker.java:639)
	at org.testng.internal.Invoker.invokeTestMethod(Invoker.java:816)
	at org.testng.internal.Invoker.invokeTestMethods(Invoker.java:1124)
	at org.testng.internal.TestMethodWorker.invokeTestMethods(TestMethodWorker.java:125)
	at org.testng.internal.TestMethodWorker.run(TestMethodWorker.java:108)
	at org.testng.TestRunner.privateRun(TestRunner.java:774)
	at org.testng.TestRunner.run(TestRunner.java:624)
	at org.testng.SuiteRunner.runTest(SuiteRunner.java:359)
	at org.testng.SuiteRunner.runSequentially(SuiteRunner.java:354)
	at org.testng.SuiteRunner.privateRun(SuiteRunner.java:312)
	at org.testng.SuiteRunner.run(SuiteRunner.java:261)
	at org.testng.SuiteRunnerWorker.runSuite(SuiteRunnerWorker.java:52)
	at org.testng.SuiteRunnerWorker.run(SuiteRunnerWorker.java:86)
	at org.testng.TestNG.runSuitesSequentially(TestNG.java:1215)
	at org.testng.TestNG.runSuitesLocally(TestNG.java:1140)
	at org.testng.TestNG.run(TestNG.java:1048)
	at org.testng.remote.AbstractRemoteTestNG.run(AbstractRemoteTestNG.java:126)
	at org.testng.remote.RemoteTestNG.initAndRun(RemoteTestNG.java:137)
	at org.testng.remote.RemoteTestNG.main(RemoteTestNG.java:58)
Caused by: org.openqa.selenium.NoSuchElementException: Unable to locate element: {&quot;method&quot;:&quot;name&quot;,&quot;selector&quot;:&quot;emailid&quot;}
For documentation on this error, please visit: http://seleniumhq.org/exceptions/no_such_element.html
Build info: version: &apos;2.52.0&apos;, revision: &apos;4c2593c&apos;, time: &apos;2016-02-11 19:06:42&apos;
System info: host: &apos;N/A&apos;, ip: &apos;N/A&apos;, os.name: &apos;Mac OS X&apos;, os.arch: &apos;x86_64&apos;, os.version: &apos;10.11.3&apos;, java.version: &apos;1.7.0_79&apos;
Driver info: driver.version: unknown
	at &lt;anonymous class&gt;.FirefoxDriver.prototype.findElementInternal_(file:///var/folders/h3/f9f_38q12mz28hstwjhknfv40000gn/T/anonymous3464882444178610356webdriver-profile/extensions/fxdriver@googlecode.com/components/driver-component.js:10723)
	at &lt;anonymous class&gt;.FirefoxDriver.prototype.findElement(file:///var/folders/h3/f9f_38q12mz28hstwjhknfv40000gn/T/anonymous3464882444178610356webdriver-profile/extensions/fxdriver@googlecode.com/components/driver-component.js:10732)
	at &lt;anonymous class&gt;.DelayedCommand.prototype.executeInternal_/h(file:///var/folders/h3/f9f_38q12mz28hstwjhknfv40000gn/T/anonymous3464882444178610356webdriver-profile/extensions/fxdriver@googlecode.com/components/command-processor.js:12614)
	at &lt;anonymous class&gt;.DelayedCommand.prototype.executeInternal_(file:///var/folders/h3/f9f_38q12mz28hstwjhknfv40000gn/T/anonymous3464882444178610356webdriver-profile/extensions/fxdriver@googlecode.com/components/command-processor.js:12619)
	at &lt;anonymous class&gt;.DelayedCommand.prototype.execute/&lt;(file:///var/folders/h3/f9f_38q12mz28hstwjhknfv40000gn/T/anonymous3464882444178610356webdriver-profile/extensions/fxdriver@googlecode.com/components/command-processor.js:12561)
</div></td></tr></table><p class="totop"><a href="#summary">back to summary</a></p><h3 id="m5">testCases.HybridExecuteTest#testLogin</h3><table class="result"><tr class="param"><th>Parameter #1</th><th>Parameter #2</th><th>Parameter #3</th><th>Parameter #4</th><th>Parameter #5</th></tr><tr class="param stripe"><td></td><td>SETTEXT</td><td>cty</td><td>name</td><td>navi mumbai</td></tr><tr><th colspan="5">Exception</th></tr><tr><td colspan="5"><div class="stacktrace">org.openqa.selenium.NoSuchElementException: Unable to locate element: {&quot;method&quot;:&quot;name&quot;,&quot;selector&quot;:&quot;city&quot;}
Command duration or timeout: 59 milliseconds
For documentation on this error, please visit: http://seleniumhq.org/exceptions/no_such_element.html
Build info: version: &apos;2.52.0&apos;, revision: &apos;4c2593c&apos;, time: &apos;2016-02-11 19:06:42&apos;
System info: host: &apos;N/A&apos;, ip: &apos;N/A&apos;, os.name: &apos;Mac OS X&apos;, os.arch: &apos;x86_64&apos;, os.version: &apos;10.11.3&apos;, java.version: &apos;1.7.0_79&apos;
*** Element info: {Using=name, value=city}
Session ID: ed0f55ff-0d3e-be4b-8c35-7ae12a89e051
Driver info: org.openqa.selenium.firefox.FirefoxDriver
Capabilities [{platform=MAC, acceptSslCerts=true, javascriptEnabled=true, cssSelectorsEnabled=true, databaseEnabled=true, browserName=firefox, handlesAlerts=true, nativeEvents=false, webStorageEnabled=true, rotatable=false, locationContextEnabled=true, applicationCacheEnabled=true, takesScreenshot=true, version=40.0}]
	at sun.reflect.NativeConstructorAccessorImpl.newInstance0(Native Method)
	at sun.reflect.NativeConstructorAccessorImpl.newInstance(NativeConstructorAccessorImpl.java:57)
	at sun.reflect.DelegatingConstructorAccessorImpl.newInstance(DelegatingConstructorAccessorImpl.java:45)
	at java.lang.reflect.Constructor.newInstance(Constructor.java:526)
	at org.openqa.selenium.remote.ErrorHandler.createThrowable(ErrorHandler.java:206)
	at org.openqa.selenium.remote.ErrorHandler.throwIfResponseFailed(ErrorHandler.java:158)
	at org.openqa.selenium.remote.RemoteWebDriver.execute(RemoteWebDriver.java:678)
	at org.openqa.selenium.remote.RemoteWebDriver.findElement(RemoteWebDriver.java:363)
	at org.openqa.selenium.remote.RemoteWebDriver.findElementByName(RemoteWebDriver.java:461)
	at org.openqa.selenium.By$ByName.findElement(By.java:303)
	at org.openqa.selenium.remote.RemoteWebDriver.findElement(RemoteWebDriver.java:355)
	at operation.UIOperation.perform(UIOperation.java:23)
	at testCases.HybridExecuteTest.testLogin(HybridExecuteTest.java:32)
	at sun.reflect.GeneratedMethodAccessor2.invoke(Unknown Source)
	at sun.reflect.DelegatingMethodAccessorImpl.invoke(DelegatingMethodAccessorImpl.java:43)
	at java.lang.reflect.Method.invoke(Method.java:606)
	at org.testng.internal.MethodInvocationHelper.invokeMethod(MethodInvocationHelper.java:85)
	at org.testng.internal.Invoker.invokeMethod(Invoker.java:639)
	at org.testng.internal.Invoker.invokeTestMethod(Invoker.java:816)
	at org.testng.internal.Invoker.invokeTestMethods(Invoker.java:1124)
	at org.testng.internal.TestMethodWorker.invokeTestMethods(TestMethodWorker.java:125)
	at org.testng.internal.TestMethodWorker.run(TestMethodWorker.java:108)
	at org.testng.TestRunner.privateRun(TestRunner.java:774)
	at org.testng.TestRunner.run(TestRunner.java:624)
	at org.testng.SuiteRunner.runTest(SuiteRunner.java:359)
	at org.testng.SuiteRunner.runSequentially(SuiteRunner.java:354)
	at org.testng.SuiteRunner.privateRun(SuiteRunner.java:312)
	at org.testng.SuiteRunner.run(SuiteRunner.java:261)
	at org.testng.SuiteRunnerWorker.runSuite(SuiteRunnerWorker.java:52)
	at org.testng.SuiteRunnerWorker.run(SuiteRunnerWorker.java:86)
	at org.testng.TestNG.runSuitesSequentially(TestNG.java:1215)
	at org.testng.TestNG.runSuitesLocally(TestNG.java:1140)
	at org.testng.TestNG.run(TestNG.java:1048)
	at org.testng.remote.AbstractRemoteTestNG.run(AbstractRemoteTestNG.java:126)
	at org.testng.remote.RemoteTestNG.initAndRun(RemoteTestNG.java:137)
	at org.testng.remote.RemoteTestNG.main(RemoteTestNG.java:58)
Caused by: org.openqa.selenium.NoSuchElementException: Unable to locate element: {&quot;method&quot;:&quot;name&quot;,&quot;selector&quot;:&quot;city&quot;}
For documentation on this error, please visit: http://seleniumhq.org/exceptions/no_such_element.html
Build info: version: &apos;2.52.0&apos;, revision: &apos;4c2593c&apos;, time: &apos;2016-02-11 19:06:42&apos;
System info: host: &apos;N/A&apos;, ip: &apos;N/A&apos;, os.name: &apos;Mac OS X&apos;, os.arch: &apos;x86_64&apos;, os.version: &apos;10.11.3&apos;, java.version: &apos;1.7.0_79&apos;
Driver info: driver.version: unknown
	at &lt;anonymous class&gt;.FirefoxDriver.prototype.findElementInternal_(file:///var/folders/h3/f9f_38q12mz28hstwjhknfv40000gn/T/anonymous3464882444178610356webdriver-profile/extensions/fxdriver@googlecode.com/components/driver-component.js:10723)
	at &lt;anonymous class&gt;.FirefoxDriver.prototype.findElement(file:///var/folders/h3/f9f_38q12mz28hstwjhknfv40000gn/T/anonymous3464882444178610356webdriver-profile/extensions/fxdriver@googlecode.com/components/driver-component.js:10732)
	at &lt;anonymous class&gt;.DelayedCommand.prototype.executeInternal_/h(file:///var/folders/h3/f9f_38q12mz28hstwjhknfv40000gn/T/anonymous3464882444178610356webdriver-profile/extensions/fxdriver@googlecode.com/components/command-processor.js:12614)
	at &lt;anonymous class&gt;.DelayedCommand.prototype.executeInternal_(file:///var/folders/h3/f9f_38q12mz28hstwjhknfv40000gn/T/anonymous3464882444178610356webdriver-profile/extensions/fxdriver@googlecode.com/components/command-processor.js:12619)
	at &lt;anonymous class&gt;.DelayedCommand.prototype.execute/&lt;(file:///var/folders/h3/f9f_38q12mz28hstwjhknfv40000gn/T/anonymous3464882444178610356webdriver-profile/extensions/fxdriver@googlecode.com/components/command-processor.js:12561)
</div></td></tr></table><p class="totop"><a href="#summary">back to summary</a></p><h3 id="m6">testCases.HybridExecuteTest#testLogin</h3><table class="result"><tr class="param"><th>Parameter #1</th><th>Parameter #2</th><th>Parameter #3</th><th>Parameter #4</th><th>Parameter #5</th></tr><tr class="param stripe"><td></td><td>SETTEXT</td><td>add</td><td>name</td><td>india</td></tr><tr><th colspan="5">Exception</th></tr><tr><td colspan="5"><div class="stacktrace">org.openqa.selenium.NoSuchElementException: Unable to locate element: {&quot;method&quot;:&quot;name&quot;,&quot;selector&quot;:&quot;addr&quot;}
Command duration or timeout: 71 milliseconds
For documentation on this error, please visit: http://seleniumhq.org/exceptions/no_such_element.html
Build info: version: &apos;2.52.0&apos;, revision: &apos;4c2593c&apos;, time: &apos;2016-02-11 19:06:42&apos;
System info: host: &apos;N/A&apos;, ip: &apos;N/A&apos;, os.name: &apos;Mac OS X&apos;, os.arch: &apos;x86_64&apos;, os.version: &apos;10.11.3&apos;, java.version: &apos;1.7.0_79&apos;
*** Element info: {Using=name, value=addr}
Session ID: ed0f55ff-0d3e-be4b-8c35-7ae12a89e051
Driver info: org.openqa.selenium.firefox.FirefoxDriver
Capabilities [{platform=MAC, acceptSslCerts=true, javascriptEnabled=true, cssSelectorsEnabled=true, databaseEnabled=true, browserName=firefox, handlesAlerts=true, nativeEvents=false, webStorageEnabled=true, rotatable=false, locationContextEnabled=true, applicationCacheEnabled=true, takesScreenshot=true, version=40.0}]
	at sun.reflect.NativeConstructorAccessorImpl.newInstance0(Native Method)
	at sun.reflect.NativeConstructorAccessorImpl.newInstance(NativeConstructorAccessorImpl.java:57)
	at sun.reflect.DelegatingConstructorAccessorImpl.newInstance(DelegatingConstructorAccessorImpl.java:45)
	at java.lang.reflect.Constructor.newInstance(Constructor.java:526)
	at org.openqa.selenium.remote.ErrorHandler.createThrowable(ErrorHandler.java:206)
	at org.openqa.selenium.remote.ErrorHandler.throwIfResponseFailed(ErrorHandler.java:158)
	at org.openqa.selenium.remote.RemoteWebDriver.execute(RemoteWebDriver.java:678)
	at org.openqa.selenium.remote.RemoteWebDriver.findElement(RemoteWebDriver.java:363)
	at org.openqa.selenium.remote.RemoteWebDriver.findElementByName(RemoteWebDriver.java:461)
	at org.openqa.selenium.By$ByName.findElement(By.java:303)
	at org.openqa.selenium.remote.RemoteWebDriver.findElement(RemoteWebDriver.java:355)
	at operation.UIOperation.perform(UIOperation.java:23)
	at testCases.HybridExecuteTest.testLogin(HybridExecuteTest.java:32)
	at sun.reflect.GeneratedMethodAccessor2.invoke(Unknown Source)
	at sun.reflect.DelegatingMethodAccessorImpl.invoke(DelegatingMethodAccessorImpl.java:43)
	at java.lang.reflect.Method.invoke(Method.java:606)
	at org.testng.internal.MethodInvocationHelper.invokeMethod(MethodInvocationHelper.java:85)
	at org.testng.internal.Invoker.invokeMethod(Invoker.java:639)
	at org.testng.internal.Invoker.invokeTestMethod(Invoker.java:816)
	at org.testng.internal.Invoker.invokeTestMethods(Invoker.java:1124)
	at org.testng.internal.TestMethodWorker.invokeTestMethods(TestMethodWorker.java:125)
	at org.testng.internal.TestMethodWorker.run(TestMethodWorker.java:108)
	at org.testng.TestRunner.privateRun(TestRunner.java:774)
	at org.testng.TestRunner.run(TestRunner.java:624)
	at org.testng.SuiteRunner.runTest(SuiteRunner.java:359)
	at org.testng.SuiteRunner.runSequentially(SuiteRunner.java:354)
	at org.testng.SuiteRunner.privateRun(SuiteRunner.java:312)
	at org.testng.SuiteRunner.run(SuiteRunner.java:261)
	at org.testng.SuiteRunnerWorker.runSuite(SuiteRunnerWorker.java:52)
	at org.testng.SuiteRunnerWorker.run(SuiteRunnerWorker.java:86)
	at org.testng.TestNG.runSuitesSequentially(TestNG.java:1215)
	at org.testng.TestNG.runSuitesLocally(TestNG.java:1140)
	at org.testng.TestNG.run(TestNG.java:1048)
	at org.testng.remote.AbstractRemoteTestNG.run(AbstractRemoteTestNG.java:126)
	at org.testng.remote.RemoteTestNG.initAndRun(RemoteTestNG.java:137)
	at org.testng.remote.RemoteTestNG.main(RemoteTestNG.java:58)
Caused by: org.openqa.selenium.NoSuchElementException: Unable to locate element: {&quot;method&quot;:&quot;name&quot;,&quot;selector&quot;:&quot;addr&quot;}
For documentation on this error, please visit: http://seleniumhq.org/exceptions/no_such_element.html
Build info: version: &apos;2.52.0&apos;, revision: &apos;4c2593c&apos;, time: &apos;2016-02-11 19:06:42&apos;
System info: host: &apos;N/A&apos;, ip: &apos;N/A&apos;, os.name: &apos;Mac OS X&apos;, os.arch: &apos;x86_64&apos;, os.version: &apos;10.11.3&apos;, java.version: &apos;1.7.0_79&apos;
Driver info: driver.version: unknown
	at &lt;anonymous class&gt;.FirefoxDriver.prototype.findElementInternal_(file:///var/folders/h3/f9f_38q12mz28hstwjhknfv40000gn/T/anonymous3464882444178610356webdriver-profile/extensions/fxdriver@googlecode.com/components/driver-component.js:10723)
	at &lt;anonymous class&gt;.FirefoxDriver.prototype.findElement(file:///var/folders/h3/f9f_38q12mz28hstwjhknfv40000gn/T/anonymous3464882444178610356webdriver-profile/extensions/fxdriver@googlecode.com/components/driver-component.js:10732)
	at &lt;anonymous class&gt;.DelayedCommand.prototype.executeInternal_/h(file:///var/folders/h3/f9f_38q12mz28hstwjhknfv40000gn/T/anonymous3464882444178610356webdriver-profile/extensions/fxdriver@googlecode.com/components/command-processor.js:12614)
	at &lt;anonymous class&gt;.DelayedCommand.prototype.executeInternal_(file:///var/folders/h3/f9f_38q12mz28hstwjhknfv40000gn/T/anonymous3464882444178610356webdriver-profile/extensions/fxdriver@googlecode.com/components/command-processor.js:12619)
	at &lt;anonymous class&gt;.DelayedCommand.prototype.execute/&lt;(file:///var/folders/h3/f9f_38q12mz28hstwjhknfv40000gn/T/anonymous3464882444178610356webdriver-profile/extensions/fxdriver@googlecode.com/components/command-processor.js:12561)
</div></td></tr></table><p class="totop"><a href="#summary">back to summary</a></p><h3 id="m7">testCases.HybridExecuteTest#testLogin</h3><table class="result"><tr class="param"><th>Parameter #1</th><th>Parameter #2</th><th>Parameter #3</th><th>Parameter #4</th><th>Parameter #5</th></tr><tr class="param stripe"><td></td><td>SETTEXT</td><td>cname</td><td>name</td><td>vincentn</td></tr><tr><th colspan="5">Exception</th></tr><tr><td colspan="5"><div class="stacktrace">org.openqa.selenium.NoSuchElementException: Unable to locate element: {&quot;method&quot;:&quot;name&quot;,&quot;selector&quot;:&quot;name&quot;}
Command duration or timeout: 1.45 seconds
For documentation on this error, please visit: http://seleniumhq.org/exceptions/no_such_element.html
Build info: version: &apos;2.52.0&apos;, revision: &apos;4c2593c&apos;, time: &apos;2016-02-11 19:06:42&apos;
System info: host: &apos;N/A&apos;, ip: &apos;N/A&apos;, os.name: &apos;Mac OS X&apos;, os.arch: &apos;x86_64&apos;, os.version: &apos;10.11.3&apos;, java.version: &apos;1.7.0_79&apos;
*** Element info: {Using=name, value=name}
Session ID: 904adb57-3edf-a040-858f-b79d8d33475e
Driver info: org.openqa.selenium.firefox.FirefoxDriver
Capabilities [{platform=MAC, acceptSslCerts=true, javascriptEnabled=true, cssSelectorsEnabled=true, databaseEnabled=true, browserName=firefox, handlesAlerts=true, nativeEvents=false, webStorageEnabled=true, rotatable=false, locationContextEnabled=true, applicationCacheEnabled=true, takesScreenshot=true, version=40.0}]
	at sun.reflect.NativeConstructorAccessorImpl.newInstance0(Native Method)
	at sun.reflect.NativeConstructorAccessorImpl.newInstance(NativeConstructorAccessorImpl.java:57)
	at sun.reflect.DelegatingConstructorAccessorImpl.newInstance(DelegatingConstructorAccessorImpl.java:45)
	at java.lang.reflect.Constructor.newInstance(Constructor.java:526)
	at org.openqa.selenium.remote.ErrorHandler.createThrowable(ErrorHandler.java:206)
	at org.openqa.selenium.remote.ErrorHandler.throwIfResponseFailed(ErrorHandler.java:158)
	at org.openqa.selenium.remote.RemoteWebDriver.execute(RemoteWebDriver.java:678)
	at org.openqa.selenium.remote.RemoteWebDriver.findElement(RemoteWebDriver.java:363)
	at org.openqa.selenium.remote.RemoteWebDriver.findElementByName(RemoteWebDriver.java:461)
	at org.openqa.selenium.By$ByName.findElement(By.java:303)
	at org.openqa.selenium.remote.RemoteWebDriver.findElement(RemoteWebDriver.java:355)
	at operation.UIOperation.perform(UIOperation.java:23)
	at testCases.HybridExecuteTest.testLogin(HybridExecuteTest.java:32)
	at sun.reflect.GeneratedMethodAccessor2.invoke(Unknown Source)
	at sun.reflect.DelegatingMethodAccessorImpl.invoke(DelegatingMethodAccessorImpl.java:43)
	at java.lang.reflect.Method.invoke(Method.java:606)
	at org.testng.internal.MethodInvocationHelper.invokeMethod(MethodInvocationHelper.java:85)
	at org.testng.internal.Invoker.invokeMethod(Invoker.java:639)
	at org.testng.internal.Invoker.invokeTestMethod(Invoker.java:816)
	at org.testng.internal.Invoker.invokeTestMethods(Invoker.java:1124)
	at org.testng.internal.TestMethodWorker.invokeTestMethods(TestMethodWorker.java:125)
	at org.testng.internal.TestMethodWorker.run(TestMethodWorker.java:108)
	at org.testng.TestRunner.privateRun(TestRunner.java:774)
	at org.testng.TestRunner.run(TestRunner.java:624)
	at org.testng.SuiteRunner.runTest(SuiteRunner.java:359)
	at org.testng.SuiteRunner.runSequentially(SuiteRunner.java:354)
	at org.testng.SuiteRunner.privateRun(SuiteRunner.java:312)
	at org.testng.SuiteRunner.run(SuiteRunner.java:261)
	at org.testng.SuiteRunnerWorker.runSuite(SuiteRunnerWorker.java:52)
	at org.testng.SuiteRunnerWorker.run(SuiteRunnerWorker.java:86)
	at org.testng.TestNG.runSuitesSequentially(TestNG.java:1215)
	at org.testng.TestNG.runSuitesLocally(TestNG.java:1140)
	at org.testng.TestNG.run(TestNG.java:1048)
	at org.testng.remote.AbstractRemoteTestNG.run(AbstractRemoteTestNG.java:126)
	at org.testng.remote.RemoteTestNG.initAndRun(RemoteTestNG.java:137)
	at org.testng.remote.RemoteTestNG.main(RemoteTestNG.java:58)
Caused by: org.openqa.selenium.NoSuchElementException: Unable to locate element: {&quot;method&quot;:&quot;name&quot;,&quot;selector&quot;:&quot;name&quot;}
For documentation on this error, please visit: http://seleniumhq.org/exceptions/no_such_element.html
Build info: version: &apos;2.52.0&apos;, revision: &apos;4c2593c&apos;, time: &apos;2016-02-11 19:06:42&apos;
System info: host: &apos;N/A&apos;, ip: &apos;N/A&apos;, os.name: &apos;Mac OS X&apos;, os.arch: &apos;x86_64&apos;, os.version: &apos;10.11.3&apos;, java.version: &apos;1.7.0_79&apos;
Driver info: driver.version: unknown
	at &lt;anonymous class&gt;.FirefoxDriver.prototype.findElementInternal_(file:///var/folders/h3/f9f_38q12mz28hstwjhknfv40000gn/T/anonymous4924798577379947887webdriver-profile/extensions/fxdriver@googlecode.com/components/driver-component.js:10723)
	at &lt;anonymous class&gt;.FirefoxDriver.prototype.findElement(file:///var/folders/h3/f9f_38q12mz28hstwjhknfv40000gn/T/anonymous4924798577379947887webdriver-profile/extensions/fxdriver@googlecode.com/components/driver-component.js:10732)
	at &lt;anonymous class&gt;.DelayedCommand.prototype.executeInternal_/h(file:///var/folders/h3/f9f_38q12mz28hstwjhknfv40000gn/T/anonymous4924798577379947887webdriver-profile/extensions/fxdriver@googlecode.com/components/command-processor.js:12614)
	at &lt;anonymous class&gt;.DelayedCommand.prototype.executeInternal_(file:///var/folders/h3/f9f_38q12mz28hstwjhknfv40000gn/T/anonymous4924798577379947887webdriver-profile/extensions/fxdriver@googlecode.com/components/command-processor.js:12619)
	at &lt;anonymous class&gt;.DelayedCommand.prototype.execute/&lt;(file:///var/folders/h3/f9f_38q12mz28hstwjhknfv40000gn/T/anonymous4924798577379947887webdriver-profile/extensions/fxdriver@googlecode.com/components/command-processor.js:12561)
</div></td></tr></table><p class="totop"><a href="#summary">back to summary</a></p><h3 id="m8">testCases.HybridExecuteTest#testLogin</h3><table class="result"><tr class="param"><th>Parameter #1</th><th>Parameter #2</th><th>Parameter #3</th><th>Parameter #4</th><th>Parameter #5</th></tr><tr class="param stripe"><td></td><td>SETTEXT</td><td>dbirth</td><td>name</td><td>19/08/1984</td></tr><tr><th colspan="5">Exception</th></tr><tr><td colspan="5"><div class="stacktrace">org.openqa.selenium.NoSuchElementException: Unable to locate element: {&quot;method&quot;:&quot;name&quot;,&quot;selector&quot;:&quot;dob&quot;}
Command duration or timeout: 42 milliseconds
For documentation on this error, please visit: http://seleniumhq.org/exceptions/no_such_element.html
Build info: version: &apos;2.52.0&apos;, revision: &apos;4c2593c&apos;, time: &apos;2016-02-11 19:06:42&apos;
System info: host: &apos;N/A&apos;, ip: &apos;N/A&apos;, os.name: &apos;Mac OS X&apos;, os.arch: &apos;x86_64&apos;, os.version: &apos;10.11.3&apos;, java.version: &apos;1.7.0_79&apos;
*** Element info: {Using=name, value=dob}
Session ID: ed0f55ff-0d3e-be4b-8c35-7ae12a89e051
Driver info: org.openqa.selenium.firefox.FirefoxDriver
Capabilities [{platform=MAC, acceptSslCerts=true, javascriptEnabled=true, cssSelectorsEnabled=true, databaseEnabled=true, browserName=firefox, handlesAlerts=true, nativeEvents=false, webStorageEnabled=true, rotatable=false, locationContextEnabled=true, applicationCacheEnabled=true, takesScreenshot=true, version=40.0}]
	at sun.reflect.NativeConstructorAccessorImpl.newInstance0(Native Method)
	at sun.reflect.NativeConstructorAccessorImpl.newInstance(NativeConstructorAccessorImpl.java:57)
	at sun.reflect.DelegatingConstructorAccessorImpl.newInstance(DelegatingConstructorAccessorImpl.java:45)
	at java.lang.reflect.Constructor.newInstance(Constructor.java:526)
	at org.openqa.selenium.remote.ErrorHandler.createThrowable(ErrorHandler.java:206)
	at org.openqa.selenium.remote.ErrorHandler.throwIfResponseFailed(ErrorHandler.java:158)
	at org.openqa.selenium.remote.RemoteWebDriver.execute(RemoteWebDriver.java:678)
	at org.openqa.selenium.remote.RemoteWebDriver.findElement(RemoteWebDriver.java:363)
	at org.openqa.selenium.remote.RemoteWebDriver.findElementByName(RemoteWebDriver.java:461)
	at org.openqa.selenium.By$ByName.findElement(By.java:303)
	at org.openqa.selenium.remote.RemoteWebDriver.findElement(RemoteWebDriver.java:355)
	at operation.UIOperation.perform(UIOperation.java:23)
	at testCases.HybridExecuteTest.testLogin(HybridExecuteTest.java:32)
	at sun.reflect.GeneratedMethodAccessor2.invoke(Unknown Source)
	at sun.reflect.DelegatingMethodAccessorImpl.invoke(DelegatingMethodAccessorImpl.java:43)
	at java.lang.reflect.Method.invoke(Method.java:606)
	at org.testng.internal.MethodInvocationHelper.invokeMethod(MethodInvocationHelper.java:85)
	at org.testng.internal.Invoker.invokeMethod(Invoker.java:639)
	at org.testng.internal.Invoker.invokeTestMethod(Invoker.java:816)
	at org.testng.internal.Invoker.invokeTestMethods(Invoker.java:1124)
	at org.testng.internal.TestMethodWorker.invokeTestMethods(TestMethodWorker.java:125)
	at org.testng.internal.TestMethodWorker.run(TestMethodWorker.java:108)
	at org.testng.TestRunner.privateRun(TestRunner.java:774)
	at org.testng.TestRunner.run(TestRunner.java:624)
	at org.testng.SuiteRunner.runTest(SuiteRunner.java:359)
	at org.testng.SuiteRunner.runSequentially(SuiteRunner.java:354)
	at org.testng.SuiteRunner.privateRun(SuiteRunner.java:312)
	at org.testng.SuiteRunner.run(SuiteRunner.java:261)
	at org.testng.SuiteRunnerWorker.runSuite(SuiteRunnerWorker.java:52)
	at org.testng.SuiteRunnerWorker.run(SuiteRunnerWorker.java:86)
	at org.testng.TestNG.runSuitesSequentially(TestNG.java:1215)
	at org.testng.TestNG.runSuitesLocally(TestNG.java:1140)
	at org.testng.TestNG.run(TestNG.java:1048)
	at org.testng.remote.AbstractRemoteTestNG.run(AbstractRemoteTestNG.java:126)
	at org.testng.remote.RemoteTestNG.initAndRun(RemoteTestNG.java:137)
	at org.testng.remote.RemoteTestNG.main(RemoteTestNG.java:58)
Caused by: org.openqa.selenium.NoSuchElementException: Unable to locate element: {&quot;method&quot;:&quot;name&quot;,&quot;selector&quot;:&quot;dob&quot;}
For documentation on this error, please visit: http://seleniumhq.org/exceptions/no_such_element.html
Build info: version: &apos;2.52.0&apos;, revision: &apos;4c2593c&apos;, time: &apos;2016-02-11 19:06:42&apos;
System info: host: &apos;N/A&apos;, ip: &apos;N/A&apos;, os.name: &apos;Mac OS X&apos;, os.arch: &apos;x86_64&apos;, os.version: &apos;10.11.3&apos;, java.version: &apos;1.7.0_79&apos;
Driver info: driver.version: unknown
	at &lt;anonymous class&gt;.FirefoxDriver.prototype.findElementInternal_(file:///var/folders/h3/f9f_38q12mz28hstwjhknfv40000gn/T/anonymous3464882444178610356webdriver-profile/extensions/fxdriver@googlecode.com/components/driver-component.js:10723)
	at &lt;anonymous class&gt;.FirefoxDriver.prototype.findElement(file:///var/folders/h3/f9f_38q12mz28hstwjhknfv40000gn/T/anonymous3464882444178610356webdriver-profile/extensions/fxdriver@googlecode.com/components/driver-component.js:10732)
	at &lt;anonymous class&gt;.DelayedCommand.prototype.executeInternal_/h(file:///var/folders/h3/f9f_38q12mz28hstwjhknfv40000gn/T/anonymous3464882444178610356webdriver-profile/extensions/fxdriver@googlecode.com/components/command-processor.js:12614)
	at &lt;anonymous class&gt;.DelayedCommand.prototype.executeInternal_(file:///var/folders/h3/f9f_38q12mz28hstwjhknfv40000gn/T/anonymous3464882444178610356webdriver-profile/extensions/fxdriver@googlecode.com/components/command-processor.js:12619)
	at &lt;anonymous class&gt;.DelayedCommand.prototype.execute/&lt;(file:///var/folders/h3/f9f_38q12mz28hstwjhknfv40000gn/T/anonymous3464882444178610356webdriver-profile/extensions/fxdriver@googlecode.com/components/command-processor.js:12561)
</div></td></tr></table><p class="totop"><a href="#summary">back to summary</a></p><h3 id="m9">testCases.HybridExecuteTest#testLogin</h3><table class="result"><tr class="param"><th>Parameter #1</th><th>Parameter #2</th><th>Parameter #3</th><th>Parameter #4</th><th>Parameter #5</th></tr><tr class="param stripe"><td></td><td>CLICK</td><td>gender</td><td>name</td><td></td></tr><tr><th colspan="5">Exception</th></tr><tr><td colspan="5"><div class="stacktrace">org.openqa.selenium.NoSuchElementException: Unable to locate element: {&quot;method&quot;:&quot;name&quot;,&quot;selector&quot;:&quot;rad1&quot;}
Command duration or timeout: 31 milliseconds
For documentation on this error, please visit: http://seleniumhq.org/exceptions/no_such_element.html
Build info: version: &apos;2.52.0&apos;, revision: &apos;4c2593c&apos;, time: &apos;2016-02-11 19:06:42&apos;
System info: host: &apos;N/A&apos;, ip: &apos;N/A&apos;, os.name: &apos;Mac OS X&apos;, os.arch: &apos;x86_64&apos;, os.version: &apos;10.11.3&apos;, java.version: &apos;1.7.0_79&apos;
*** Element info: {Using=name, value=rad1}
Session ID: ed0f55ff-0d3e-be4b-8c35-7ae12a89e051
Driver info: org.openqa.selenium.firefox.FirefoxDriver
Capabilities [{platform=MAC, acceptSslCerts=true, javascriptEnabled=true, cssSelectorsEnabled=true, databaseEnabled=true, browserName=firefox, handlesAlerts=true, nativeEvents=false, webStorageEnabled=true, rotatable=false, locationContextEnabled=true, applicationCacheEnabled=true, takesScreenshot=true, version=40.0}]
	at sun.reflect.NativeConstructorAccessorImpl.newInstance0(Native Method)
	at sun.reflect.NativeConstructorAccessorImpl.newInstance(NativeConstructorAccessorImpl.java:57)
	at sun.reflect.DelegatingConstructorAccessorImpl.newInstance(DelegatingConstructorAccessorImpl.java:45)
	at java.lang.reflect.Constructor.newInstance(Constructor.java:526)
	at org.openqa.selenium.remote.ErrorHandler.createThrowable(ErrorHandler.java:206)
	at org.openqa.selenium.remote.ErrorHandler.throwIfResponseFailed(ErrorHandler.java:158)
	at org.openqa.selenium.remote.RemoteWebDriver.execute(RemoteWebDriver.java:678)
	at org.openqa.selenium.remote.RemoteWebDriver.findElement(RemoteWebDriver.java:363)
	at org.openqa.selenium.remote.RemoteWebDriver.findElementByName(RemoteWebDriver.java:461)
	at org.openqa.selenium.By$ByName.findElement(By.java:303)
	at org.openqa.selenium.remote.RemoteWebDriver.findElement(RemoteWebDriver.java:355)
	at operation.UIOperation.perform(UIOperation.java:19)
	at testCases.HybridExecuteTest.testLogin(HybridExecuteTest.java:32)
	at sun.reflect.GeneratedMethodAccessor2.invoke(Unknown Source)
	at sun.reflect.DelegatingMethodAccessorImpl.invoke(DelegatingMethodAccessorImpl.java:43)
	at java.lang.reflect.Method.invoke(Method.java:606)
	at org.testng.internal.MethodInvocationHelper.invokeMethod(MethodInvocationHelper.java:85)
	at org.testng.internal.Invoker.invokeMethod(Invoker.java:639)
	at org.testng.internal.Invoker.invokeTestMethod(Invoker.java:816)
	at org.testng.internal.Invoker.invokeTestMethods(Invoker.java:1124)
	at org.testng.internal.TestMethodWorker.invokeTestMethods(TestMethodWorker.java:125)
	at org.testng.internal.TestMethodWorker.run(TestMethodWorker.java:108)
	at org.testng.TestRunner.privateRun(TestRunner.java:774)
	at org.testng.TestRunner.run(TestRunner.java:624)
	at org.testng.SuiteRunner.runTest(SuiteRunner.java:359)
	at org.testng.SuiteRunner.runSequentially(SuiteRunner.java:354)
	at org.testng.SuiteRunner.privateRun(SuiteRunner.java:312)
	at org.testng.SuiteRunner.run(SuiteRunner.java:261)
	at org.testng.SuiteRunnerWorker.runSuite(SuiteRunnerWorker.java:52)
	at org.testng.SuiteRunnerWorker.run(SuiteRunnerWorker.java:86)
	at org.testng.TestNG.runSuitesSequentially(TestNG.java:1215)
	at org.testng.TestNG.runSuitesLocally(TestNG.java:1140)
	at org.testng.TestNG.run(TestNG.java:1048)
	at org.testng.remote.AbstractRemoteTestNG.run(AbstractRemoteTestNG.java:126)
	at org.testng.remote.RemoteTestNG.initAndRun(RemoteTestNG.java:137)
	at org.testng.remote.RemoteTestNG.main(RemoteTestNG.java:58)
Caused by: org.openqa.selenium.NoSuchElementException: Unable to locate element: {&quot;method&quot;:&quot;name&quot;,&quot;selector&quot;:&quot;rad1&quot;}
For documentation on this error, please visit: http://seleniumhq.org/exceptions/no_such_element.html
Build info: version: &apos;2.52.0&apos;, revision: &apos;4c2593c&apos;, time: &apos;2016-02-11 19:06:42&apos;
System info: host: &apos;N/A&apos;, ip: &apos;N/A&apos;, os.name: &apos;Mac OS X&apos;, os.arch: &apos;x86_64&apos;, os.version: &apos;10.11.3&apos;, java.version: &apos;1.7.0_79&apos;
Driver info: driver.version: unknown
	at &lt;anonymous class&gt;.FirefoxDriver.prototype.findElementInternal_(file:///var/folders/h3/f9f_38q12mz28hstwjhknfv40000gn/T/anonymous3464882444178610356webdriver-profile/extensions/fxdriver@googlecode.com/components/driver-component.js:10723)
	at &lt;anonymous class&gt;.FirefoxDriver.prototype.findElement(file:///var/folders/h3/f9f_38q12mz28hstwjhknfv40000gn/T/anonymous3464882444178610356webdriver-profile/extensions/fxdriver@googlecode.com/components/driver-component.js:10732)
	at &lt;anonymous class&gt;.DelayedCommand.prototype.executeInternal_/h(file:///var/folders/h3/f9f_38q12mz28hstwjhknfv40000gn/T/anonymous3464882444178610356webdriver-profile/extensions/fxdriver@googlecode.com/components/command-processor.js:12614)
	at &lt;anonymous class&gt;.DelayedCommand.prototype.executeInternal_(file:///var/folders/h3/f9f_38q12mz28hstwjhknfv40000gn/T/anonymous3464882444178610356webdriver-profile/extensions/fxdriver@googlecode.com/components/command-processor.js:12619)
	at &lt;anonymous class&gt;.DelayedCommand.prototype.execute/&lt;(file:///var/folders/h3/f9f_38q12mz28hstwjhknfv40000gn/T/anonymous3464882444178610356webdriver-profile/extensions/fxdriver@googlecode.com/components/command-processor.js:12561)
</div></td></tr></table><p class="totop"><a href="#summary">back to summary</a></p><h3 id="m10">testCases.HybridExecuteTest#testLogin</h3><table class="result"><tr class="param"><th>Parameter #1</th><th>Parameter #2</th><th>Parameter #3</th><th>Parameter #4</th><th>Parameter #5</th></tr><tr class="param stripe"><td></td><td>SETTEXT</td><td>pin</td><td>name</td><td>400701.0</td></tr><tr><th colspan="5">Exception</th></tr><tr><td colspan="5"><div class="stacktrace">org.openqa.selenium.NoSuchElementException: Unable to locate element: {&quot;method&quot;:&quot;name&quot;,&quot;selector&quot;:&quot;pinno&quot;}
Command duration or timeout: 27 milliseconds
For documentation on this error, please visit: http://seleniumhq.org/exceptions/no_such_element.html
Build info: version: &apos;2.52.0&apos;, revision: &apos;4c2593c&apos;, time: &apos;2016-02-11 19:06:42&apos;
System info: host: &apos;N/A&apos;, ip: &apos;N/A&apos;, os.name: &apos;Mac OS X&apos;, os.arch: &apos;x86_64&apos;, os.version: &apos;10.11.3&apos;, java.version: &apos;1.7.0_79&apos;
*** Element info: {Using=name, value=pinno}
Session ID: 904adb57-3edf-a040-858f-b79d8d33475e
Driver info: org.openqa.selenium.firefox.FirefoxDriver
Capabilities [{platform=MAC, acceptSslCerts=true, javascriptEnabled=true, cssSelectorsEnabled=true, databaseEnabled=true, browserName=firefox, handlesAlerts=true, nativeEvents=false, webStorageEnabled=true, rotatable=false, locationContextEnabled=true, applicationCacheEnabled=true, takesScreenshot=true, version=40.0}]
	at sun.reflect.NativeConstructorAccessorImpl.newInstance0(Native Method)
	at sun.reflect.NativeConstructorAccessorImpl.newInstance(NativeConstructorAccessorImpl.java:57)
	at sun.reflect.DelegatingConstructorAccessorImpl.newInstance(DelegatingConstructorAccessorImpl.java:45)
	at java.lang.reflect.Constructor.newInstance(Constructor.java:526)
	at org.openqa.selenium.remote.ErrorHandler.createThrowable(ErrorHandler.java:206)
	at org.openqa.selenium.remote.ErrorHandler.throwIfResponseFailed(ErrorHandler.java:158)
	at org.openqa.selenium.remote.RemoteWebDriver.execute(RemoteWebDriver.java:678)
	at org.openqa.selenium.remote.RemoteWebDriver.findElement(RemoteWebDriver.java:363)
	at org.openqa.selenium.remote.RemoteWebDriver.findElementByName(RemoteWebDriver.java:461)
	at org.openqa.selenium.By$ByName.findElement(By.java:303)
	at org.openqa.selenium.remote.RemoteWebDriver.findElement(RemoteWebDriver.java:355)
	at operation.UIOperation.perform(UIOperation.java:23)
	at testCases.HybridExecuteTest.testLogin(HybridExecuteTest.java:32)
	at sun.reflect.GeneratedMethodAccessor2.invoke(Unknown Source)
	at sun.reflect.DelegatingMethodAccessorImpl.invoke(DelegatingMethodAccessorImpl.java:43)
	at java.lang.reflect.Method.invoke(Method.java:606)
	at org.testng.internal.MethodInvocationHelper.invokeMethod(MethodInvocationHelper.java:85)
	at org.testng.internal.Invoker.invokeMethod(Invoker.java:639)
	at org.testng.internal.Invoker.invokeTestMethod(Invoker.java:816)
	at org.testng.internal.Invoker.invokeTestMethods(Invoker.java:1124)
	at org.testng.internal.TestMethodWorker.invokeTestMethods(TestMethodWorker.java:125)
	at org.testng.internal.TestMethodWorker.run(TestMethodWorker.java:108)
	at org.testng.TestRunner.privateRun(TestRunner.java:774)
	at org.testng.TestRunner.run(TestRunner.java:624)
	at org.testng.SuiteRunner.runTest(SuiteRunner.java:359)
	at org.testng.SuiteRunner.runSequentially(SuiteRunner.java:354)
	at org.testng.SuiteRunner.privateRun(SuiteRunner.java:312)
	at org.testng.SuiteRunner.run(SuiteRunner.java:261)
	at org.testng.SuiteRunnerWorker.runSuite(SuiteRunnerWorker.java:52)
	at org.testng.SuiteRunnerWorker.run(SuiteRunnerWorker.java:86)
	at org.testng.TestNG.runSuitesSequentially(TestNG.java:1215)
	at org.testng.TestNG.runSuitesLocally(TestNG.java:1140)
	at org.testng.TestNG.run(TestNG.java:1048)
	at org.testng.remote.AbstractRemoteTestNG.run(AbstractRemoteTestNG.java:126)
	at org.testng.remote.RemoteTestNG.initAndRun(RemoteTestNG.java:137)
	at org.testng.remote.RemoteTestNG.main(RemoteTestNG.java:58)
Caused by: org.openqa.selenium.NoSuchElementException: Unable to locate element: {&quot;method&quot;:&quot;name&quot;,&quot;selector&quot;:&quot;pinno&quot;}
For documentation on this error, please visit: http://seleniumhq.org/exceptions/no_such_element.html
Build info: version: &apos;2.52.0&apos;, revision: &apos;4c2593c&apos;, time: &apos;2016-02-11 19:06:42&apos;
System info: host: &apos;N/A&apos;, ip: &apos;N/A&apos;, os.name: &apos;Mac OS X&apos;, os.arch: &apos;x86_64&apos;, os.version: &apos;10.11.3&apos;, java.version: &apos;1.7.0_79&apos;
Driver info: driver.version: unknown
	at &lt;anonymous class&gt;.FirefoxDriver.prototype.findElementInternal_(file:///var/folders/h3/f9f_38q12mz28hstwjhknfv40000gn/T/anonymous4924798577379947887webdriver-profile/extensions/fxdriver@googlecode.com/components/driver-component.js:10723)
	at &lt;anonymous class&gt;.FirefoxDriver.prototype.findElement(file:///var/folders/h3/f9f_38q12mz28hstwjhknfv40000gn/T/anonymous4924798577379947887webdriver-profile/extensions/fxdriver@googlecode.com/components/driver-component.js:10732)
	at &lt;anonymous class&gt;.DelayedCommand.prototype.executeInternal_/h(file:///var/folders/h3/f9f_38q12mz28hstwjhknfv40000gn/T/anonymous4924798577379947887webdriver-profile/extensions/fxdriver@googlecode.com/components/command-processor.js:12614)
	at &lt;anonymous class&gt;.DelayedCommand.prototype.executeInternal_(file:///var/folders/h3/f9f_38q12mz28hstwjhknfv40000gn/T/anonymous4924798577379947887webdriver-profile/extensions/fxdriver@googlecode.com/components/command-processor.js:12619)
	at &lt;anonymous class&gt;.DelayedCommand.prototype.execute/&lt;(file:///var/folders/h3/f9f_38q12mz28hstwjhknfv40000gn/T/anonymous4924798577379947887webdriver-profile/extensions/fxdriver@googlecode.com/components/command-processor.js:12561)
</div></td></tr></table><p class="totop"><a href="#summary">back to summary</a></p><h3 id="m11">testCases.HybridExecuteTest#testLogin</h3><table class="result"><tr class="param"><th>Parameter #1</th><th>Parameter #2</th><th>Parameter #3</th><th>Parameter #4</th><th>Parameter #5</th></tr><tr class="param stripe"><td></td><td>CLICK</td><td>submit</td><td>name</td><td>sub</td></tr><tr><th colspan="5">Exception</th></tr><tr><td colspan="5"><div class="stacktrace">org.openqa.selenium.NoSuchElementException: Unable to locate element: {&quot;method&quot;:&quot;name&quot;,&quot;selector&quot;:&quot;sub&quot;}
Command duration or timeout: 25 milliseconds
For documentation on this error, please visit: http://seleniumhq.org/exceptions/no_such_element.html
Build info: version: &apos;2.52.0&apos;, revision: &apos;4c2593c&apos;, time: &apos;2016-02-11 19:06:42&apos;
System info: host: &apos;N/A&apos;, ip: &apos;N/A&apos;, os.name: &apos;Mac OS X&apos;, os.arch: &apos;x86_64&apos;, os.version: &apos;10.11.3&apos;, java.version: &apos;1.7.0_79&apos;
*** Element info: {Using=name, value=sub}
Session ID: 904adb57-3edf-a040-858f-b79d8d33475e
Driver info: org.openqa.selenium.firefox.FirefoxDriver
Capabilities [{platform=MAC, acceptSslCerts=true, javascriptEnabled=true, cssSelectorsEnabled=true, databaseEnabled=true, browserName=firefox, handlesAlerts=true, nativeEvents=false, webStorageEnabled=true, rotatable=false, locationContextEnabled=true, applicationCacheEnabled=true, takesScreenshot=true, version=40.0}]
	at sun.reflect.NativeConstructorAccessorImpl.newInstance0(Native Method)
	at sun.reflect.NativeConstructorAccessorImpl.newInstance(NativeConstructorAccessorImpl.java:57)
	at sun.reflect.DelegatingConstructorAccessorImpl.newInstance(DelegatingConstructorAccessorImpl.java:45)
	at java.lang.reflect.Constructor.newInstance(Constructor.java:526)
	at org.openqa.selenium.remote.ErrorHandler.createThrowable(ErrorHandler.java:206)
	at org.openqa.selenium.remote.ErrorHandler.throwIfResponseFailed(ErrorHandler.java:158)
	at org.openqa.selenium.remote.RemoteWebDriver.execute(RemoteWebDriver.java:678)
	at org.openqa.selenium.remote.RemoteWebDriver.findElement(RemoteWebDriver.java:363)
	at org.openqa.selenium.remote.RemoteWebDriver.findElementByName(RemoteWebDriver.java:461)
	at org.openqa.selenium.By$ByName.findElement(By.java:303)
	at org.openqa.selenium.remote.RemoteWebDriver.findElement(RemoteWebDriver.java:355)
	at operation.UIOperation.perform(UIOperation.java:19)
	at testCases.HybridExecuteTest.testLogin(HybridExecuteTest.java:32)
	at sun.reflect.GeneratedMethodAccessor2.invoke(Unknown Source)
	at sun.reflect.DelegatingMethodAccessorImpl.invoke(DelegatingMethodAccessorImpl.java:43)
	at java.lang.reflect.Method.invoke(Method.java:606)
	at org.testng.internal.MethodInvocationHelper.invokeMethod(MethodInvocationHelper.java:85)
	at org.testng.internal.Invoker.invokeMethod(Invoker.java:639)
	at org.testng.internal.Invoker.invokeTestMethod(Invoker.java:816)
	at org.testng.internal.Invoker.invokeTestMethods(Invoker.java:1124)
	at org.testng.internal.TestMethodWorker.invokeTestMethods(TestMethodWorker.java:125)
	at org.testng.internal.TestMethodWorker.run(TestMethodWorker.java:108)
	at org.testng.TestRunner.privateRun(TestRunner.java:774)
	at org.testng.TestRunner.run(TestRunner.java:624)
	at org.testng.SuiteRunner.runTest(SuiteRunner.java:359)
	at org.testng.SuiteRunner.runSequentially(SuiteRunner.java:354)
	at org.testng.SuiteRunner.privateRun(SuiteRunner.java:312)
	at org.testng.SuiteRunner.run(SuiteRunner.java:261)
	at org.testng.SuiteRunnerWorker.runSuite(SuiteRunnerWorker.java:52)
	at org.testng.SuiteRunnerWorker.run(SuiteRunnerWorker.java:86)
	at org.testng.TestNG.runSuitesSequentially(TestNG.java:1215)
	at org.testng.TestNG.runSuitesLocally(TestNG.java:1140)
	at org.testng.TestNG.run(TestNG.java:1048)
	at org.testng.remote.AbstractRemoteTestNG.run(AbstractRemoteTestNG.java:126)
	at org.testng.remote.RemoteTestNG.initAndRun(RemoteTestNG.java:137)
	at org.testng.remote.RemoteTestNG.main(RemoteTestNG.java:58)
Caused by: org.openqa.selenium.NoSuchElementException: Unable to locate element: {&quot;method&quot;:&quot;name&quot;,&quot;selector&quot;:&quot;sub&quot;}
For documentation on this error, please visit: http://seleniumhq.org/exceptions/no_such_element.html
Build info: version: &apos;2.52.0&apos;, revision: &apos;4c2593c&apos;, time: &apos;2016-02-11 19:06:42&apos;
System info: host: &apos;N/A&apos;, ip: &apos;N/A&apos;, os.name: &apos;Mac OS X&apos;, os.arch: &apos;x86_64&apos;, os.version: &apos;10.11.3&apos;, java.version: &apos;1.7.0_79&apos;
Driver info: driver.version: unknown
	at &lt;anonymous class&gt;.FirefoxDriver.prototype.findElementInternal_(file:///var/folders/h3/f9f_38q12mz28hstwjhknfv40000gn/T/anonymous4924798577379947887webdriver-profile/extensions/fxdriver@googlecode.com/components/driver-component.js:10723)
	at &lt;anonymous class&gt;.FirefoxDriver.prototype.findElement(file:///var/folders/h3/f9f_38q12mz28hstwjhknfv40000gn/T/anonymous4924798577379947887webdriver-profile/extensions/fxdriver@googlecode.com/components/driver-component.js:10732)
	at &lt;anonymous class&gt;.DelayedCommand.prototype.executeInternal_/h(file:///var/folders/h3/f9f_38q12mz28hstwjhknfv40000gn/T/anonymous4924798577379947887webdriver-profile/extensions/fxdriver@googlecode.com/components/command-processor.js:12614)
	at &lt;anonymous class&gt;.DelayedCommand.prototype.executeInternal_(file:///var/folders/h3/f9f_38q12mz28hstwjhknfv40000gn/T/anonymous4924798577379947887webdriver-profile/extensions/fxdriver@googlecode.com/components/command-processor.js:12619)
	at &lt;anonymous class&gt;.DelayedCommand.prototype.execute/&lt;(file:///var/folders/h3/f9f_38q12mz28hstwjhknfv40000gn/T/anonymous4924798577379947887webdriver-profile/extensions/fxdriver@googlecode.com/components/command-processor.js:12561)
</div></td></tr></table><p class="totop"><a href="#summary">back to summary</a></p><h3 id="m12">testCases.HybridExecuteTest#testLogin</h3><table class="result"><tr class="param"><th>Parameter #1</th><th>Parameter #2</th><th>Parameter #3</th><th>Parameter #4</th><th>Parameter #5</th></tr><tr class="param stripe"><td></td><td>SETTEXT</td><td>cty</td><td>name</td><td>navi mumbai</td></tr><tr><th colspan="5">Exception</th></tr><tr><td colspan="5"><div class="stacktrace">org.openqa.selenium.NoSuchElementException: Unable to locate element: {&quot;method&quot;:&quot;name&quot;,&quot;selector&quot;:&quot;city&quot;}
Command duration or timeout: 21 milliseconds
For documentation on this error, please visit: http://seleniumhq.org/exceptions/no_such_element.html
Build info: version: &apos;2.52.0&apos;, revision: &apos;4c2593c&apos;, time: &apos;2016-02-11 19:06:42&apos;
System info: host: &apos;N/A&apos;, ip: &apos;N/A&apos;, os.name: &apos;Mac OS X&apos;, os.arch: &apos;x86_64&apos;, os.version: &apos;10.11.3&apos;, java.version: &apos;1.7.0_79&apos;
*** Element info: {Using=name, value=city}
Session ID: 904adb57-3edf-a040-858f-b79d8d33475e
Driver info: org.openqa.selenium.firefox.FirefoxDriver
Capabilities [{platform=MAC, acceptSslCerts=true, javascriptEnabled=true, cssSelectorsEnabled=true, databaseEnabled=true, browserName=firefox, handlesAlerts=true, nativeEvents=false, webStorageEnabled=true, rotatable=false, locationContextEnabled=true, applicationCacheEnabled=true, takesScreenshot=true, version=40.0}]
	at sun.reflect.NativeConstructorAccessorImpl.newInstance0(Native Method)
	at sun.reflect.NativeConstructorAccessorImpl.newInstance(NativeConstructorAccessorImpl.java:57)
	at sun.reflect.DelegatingConstructorAccessorImpl.newInstance(DelegatingConstructorAccessorImpl.java:45)
	at java.lang.reflect.Constructor.newInstance(Constructor.java:526)
	at org.openqa.selenium.remote.ErrorHandler.createThrowable(ErrorHandler.java:206)
	at org.openqa.selenium.remote.ErrorHandler.throwIfResponseFailed(ErrorHandler.java:158)
	at org.openqa.selenium.remote.RemoteWebDriver.execute(RemoteWebDriver.java:678)
	at org.openqa.selenium.remote.RemoteWebDriver.findElement(RemoteWebDriver.java:363)
	at org.openqa.selenium.remote.RemoteWebDriver.findElementByName(RemoteWebDriver.java:461)
	at org.openqa.selenium.By$ByName.findElement(By.java:303)
	at org.openqa.selenium.remote.RemoteWebDriver.findElement(RemoteWebDriver.java:355)
	at operation.UIOperation.perform(UIOperation.java:23)
	at testCases.HybridExecuteTest.testLogin(HybridExecuteTest.java:32)
	at sun.reflect.GeneratedMethodAccessor2.invoke(Unknown Source)
	at sun.reflect.DelegatingMethodAccessorImpl.invoke(DelegatingMethodAccessorImpl.java:43)
	at java.lang.reflect.Method.invoke(Method.java:606)
	at org.testng.internal.MethodInvocationHelper.invokeMethod(MethodInvocationHelper.java:85)
	at org.testng.internal.Invoker.invokeMethod(Invoker.java:639)
	at org.testng.internal.Invoker.invokeTestMethod(Invoker.java:816)
	at org.testng.internal.Invoker.invokeTestMethods(Invoker.java:1124)
	at org.testng.internal.TestMethodWorker.invokeTestMethods(TestMethodWorker.java:125)
	at org.testng.internal.TestMethodWorker.run(TestMethodWorker.java:108)
	at org.testng.TestRunner.privateRun(TestRunner.java:774)
	at org.testng.TestRunner.run(TestRunner.java:624)
	at org.testng.SuiteRunner.runTest(SuiteRunner.java:359)
	at org.testng.SuiteRunner.runSequentially(SuiteRunner.java:354)
	at org.testng.SuiteRunner.privateRun(SuiteRunner.java:312)
	at org.testng.SuiteRunner.run(SuiteRunner.java:261)
	at org.testng.SuiteRunnerWorker.runSuite(SuiteRunnerWorker.java:52)
	at org.testng.SuiteRunnerWorker.run(SuiteRunnerWorker.java:86)
	at org.testng.TestNG.runSuitesSequentially(TestNG.java:1215)
	at org.testng.TestNG.runSuitesLocally(TestNG.java:1140)
	at org.testng.TestNG.run(TestNG.java:1048)
	at org.testng.remote.AbstractRemoteTestNG.run(AbstractRemoteTestNG.java:126)
	at org.testng.remote.RemoteTestNG.initAndRun(RemoteTestNG.java:137)
	at org.testng.remote.RemoteTestNG.main(RemoteTestNG.java:58)
Caused by: org.openqa.selenium.NoSuchElementException: Unable to locate element: {&quot;method&quot;:&quot;name&quot;,&quot;selector&quot;:&quot;city&quot;}
For documentation on this error, please visit: http://seleniumhq.org/exceptions/no_such_element.html
Build info: version: &apos;2.52.0&apos;, revision: &apos;4c2593c&apos;, time: &apos;2016-02-11 19:06:42&apos;
System info: host: &apos;N/A&apos;, ip: &apos;N/A&apos;, os.name: &apos;Mac OS X&apos;, os.arch: &apos;x86_64&apos;, os.version: &apos;10.11.3&apos;, java.version: &apos;1.7.0_79&apos;
Driver info: driver.version: unknown
	at &lt;anonymous class&gt;.FirefoxDriver.prototype.findElementInternal_(file:///var/folders/h3/f9f_38q12mz28hstwjhknfv40000gn/T/anonymous4924798577379947887webdriver-profile/extensions/fxdriver@googlecode.com/components/driver-component.js:10723)
	at &lt;anonymous class&gt;.FirefoxDriver.prototype.findElement(file:///var/folders/h3/f9f_38q12mz28hstwjhknfv40000gn/T/anonymous4924798577379947887webdriver-profile/extensions/fxdriver@googlecode.com/components/driver-component.js:10732)
	at &lt;anonymous class&gt;.DelayedCommand.prototype.executeInternal_/h(file:///var/folders/h3/f9f_38q12mz28hstwjhknfv40000gn/T/anonymous4924798577379947887webdriver-profile/extensions/fxdriver@googlecode.com/components/command-processor.js:12614)
	at &lt;anonymous class&gt;.DelayedCommand.prototype.executeInternal_(file:///var/folders/h3/f9f_38q12mz28hstwjhknfv40000gn/T/anonymous4924798577379947887webdriver-profile/extensions/fxdriver@googlecode.com/components/command-processor.js:12619)
	at &lt;anonymous class&gt;.DelayedCommand.prototype.execute/&lt;(file:///var/folders/h3/f9f_38q12mz28hstwjhknfv40000gn/T/anonymous4924798577379947887webdriver-profile/extensions/fxdriver@googlecode.com/components/command-processor.js:12561)
</div></td></tr></table><p class="totop"><a href="#summary">back to summary</a></p><h3 id="m13">testCases.HybridExecuteTest#testLogin</h3><table class="result"><tr class="param"><th>Parameter #1</th><th>Parameter #2</th><th>Parameter #3</th><th>Parameter #4</th><th>Parameter #5</th></tr><tr class="param stripe"><td></td><td>CLICK</td><td>gender</td><td>name</td><td></td></tr><tr><th colspan="5">Exception</th></tr><tr><td colspan="5"><div class="stacktrace">org.openqa.selenium.NoSuchElementException: Unable to locate element: {&quot;method&quot;:&quot;name&quot;,&quot;selector&quot;:&quot;rad1&quot;}
Command duration or timeout: 20 milliseconds
For documentation on this error, please visit: http://seleniumhq.org/exceptions/no_such_element.html
Build info: version: &apos;2.52.0&apos;, revision: &apos;4c2593c&apos;, time: &apos;2016-02-11 19:06:42&apos;
System info: host: &apos;N/A&apos;, ip: &apos;N/A&apos;, os.name: &apos;Mac OS X&apos;, os.arch: &apos;x86_64&apos;, os.version: &apos;10.11.3&apos;, java.version: &apos;1.7.0_79&apos;
*** Element info: {Using=name, value=rad1}
Session ID: 904adb57-3edf-a040-858f-b79d8d33475e
Driver info: org.openqa.selenium.firefox.FirefoxDriver
Capabilities [{platform=MAC, acceptSslCerts=true, javascriptEnabled=true, cssSelectorsEnabled=true, databaseEnabled=true, browserName=firefox, handlesAlerts=true, nativeEvents=false, webStorageEnabled=true, rotatable=false, locationContextEnabled=true, applicationCacheEnabled=true, takesScreenshot=true, version=40.0}]
	at sun.reflect.NativeConstructorAccessorImpl.newInstance0(Native Method)
	at sun.reflect.NativeConstructorAccessorImpl.newInstance(NativeConstructorAccessorImpl.java:57)
	at sun.reflect.DelegatingConstructorAccessorImpl.newInstance(DelegatingConstructorAccessorImpl.java:45)
	at java.lang.reflect.Constructor.newInstance(Constructor.java:526)
	at org.openqa.selenium.remote.ErrorHandler.createThrowable(ErrorHandler.java:206)
	at org.openqa.selenium.remote.ErrorHandler.throwIfResponseFailed(ErrorHandler.java:158)
	at org.openqa.selenium.remote.RemoteWebDriver.execute(RemoteWebDriver.java:678)
	at org.openqa.selenium.remote.RemoteWebDriver.findElement(RemoteWebDriver.java:363)
	at org.openqa.selenium.remote.RemoteWebDriver.findElementByName(RemoteWebDriver.java:461)
	at org.openqa.selenium.By$ByName.findElement(By.java:303)
	at org.openqa.selenium.remote.RemoteWebDriver.findElement(RemoteWebDriver.java:355)
	at operation.UIOperation.perform(UIOperation.java:19)
	at testCases.HybridExecuteTest.testLogin(HybridExecuteTest.java:32)
	at sun.reflect.GeneratedMethodAccessor2.invoke(Unknown Source)
	at sun.reflect.DelegatingMethodAccessorImpl.invoke(DelegatingMethodAccessorImpl.java:43)
	at java.lang.reflect.Method.invoke(Method.java:606)
	at org.testng.internal.MethodInvocationHelper.invokeMethod(MethodInvocationHelper.java:85)
	at org.testng.internal.Invoker.invokeMethod(Invoker.java:639)
	at org.testng.internal.Invoker.invokeTestMethod(Invoker.java:816)
	at org.testng.internal.Invoker.invokeTestMethods(Invoker.java:1124)
	at org.testng.internal.TestMethodWorker.invokeTestMethods(TestMethodWorker.java:125)
	at org.testng.internal.TestMethodWorker.run(TestMethodWorker.java:108)
	at org.testng.TestRunner.privateRun(TestRunner.java:774)
	at org.testng.TestRunner.run(TestRunner.java:624)
	at org.testng.SuiteRunner.runTest(SuiteRunner.java:359)
	at org.testng.SuiteRunner.runSequentially(SuiteRunner.java:354)
	at org.testng.SuiteRunner.privateRun(SuiteRunner.java:312)
	at org.testng.SuiteRunner.run(SuiteRunner.java:261)
	at org.testng.SuiteRunnerWorker.runSuite(SuiteRunnerWorker.java:52)
	at org.testng.SuiteRunnerWorker.run(SuiteRunnerWorker.java:86)
	at org.testng.TestNG.runSuitesSequentially(TestNG.java:1215)
	at org.testng.TestNG.runSuitesLocally(TestNG.java:1140)
	at org.testng.TestNG.run(TestNG.java:1048)
	at org.testng.remote.AbstractRemoteTestNG.run(AbstractRemoteTestNG.java:126)
	at org.testng.remote.RemoteTestNG.initAndRun(RemoteTestNG.java:137)
	at org.testng.remote.RemoteTestNG.main(RemoteTestNG.java:58)
Caused by: org.openqa.selenium.NoSuchElementException: Unable to locate element: {&quot;method&quot;:&quot;name&quot;,&quot;selector&quot;:&quot;rad1&quot;}
For documentation on this error, please visit: http://seleniumhq.org/exceptions/no_such_element.html
Build info: version: &apos;2.52.0&apos;, revision: &apos;4c2593c&apos;, time: &apos;2016-02-11 19:06:42&apos;
System info: host: &apos;N/A&apos;, ip: &apos;N/A&apos;, os.name: &apos;Mac OS X&apos;, os.arch: &apos;x86_64&apos;, os.version: &apos;10.11.3&apos;, java.version: &apos;1.7.0_79&apos;
Driver info: driver.version: unknown
	at &lt;anonymous class&gt;.FirefoxDriver.prototype.findElementInternal_(file:///var/folders/h3/f9f_38q12mz28hstwjhknfv40000gn/T/anonymous4924798577379947887webdriver-profile/extensions/fxdriver@googlecode.com/components/driver-component.js:10723)
	at &lt;anonymous class&gt;.FirefoxDriver.prototype.findElement(file:///var/folders/h3/f9f_38q12mz28hstwjhknfv40000gn/T/anonymous4924798577379947887webdriver-profile/extensions/fxdriver@googlecode.com/components/driver-component.js:10732)
	at &lt;anonymous class&gt;.DelayedCommand.prototype.executeInternal_/h(file:///var/folders/h3/f9f_38q12mz28hstwjhknfv40000gn/T/anonymous4924798577379947887webdriver-profile/extensions/fxdriver@googlecode.com/components/command-processor.js:12614)
	at &lt;anonymous class&gt;.DelayedCommand.prototype.executeInternal_(file:///var/folders/h3/f9f_38q12mz28hstwjhknfv40000gn/T/anonymous4924798577379947887webdriver-profile/extensions/fxdriver@googlecode.com/components/command-processor.js:12619)
	at &lt;anonymous class&gt;.DelayedCommand.prototype.execute/&lt;(file:///var/folders/h3/f9f_38q12mz28hstwjhknfv40000gn/T/anonymous4924798577379947887webdriver-profile/extensions/fxdriver@googlecode.com/components/command-processor.js:12561)
</div></td></tr></table><p class="totop"><a href="#summary">back to summary</a></p><h3 id="m14">testCases.HybridExecuteTest#testLogin</h3><table class="result"><tr class="param"><th>Parameter #1</th><th>Parameter #2</th><th>Parameter #3</th><th>Parameter #4</th><th>Parameter #5</th></tr><tr class="param stripe"><td></td><td>SETTEXT</td><td>add</td><td>name</td><td>india</td></tr><tr><th colspan="5">Exception</th></tr><tr><td colspan="5"><div class="stacktrace">org.openqa.selenium.NoSuchElementException: Unable to locate element: {&quot;method&quot;:&quot;name&quot;,&quot;selector&quot;:&quot;addr&quot;}
Command duration or timeout: 19 milliseconds
For documentation on this error, please visit: http://seleniumhq.org/exceptions/no_such_element.html
Build info: version: &apos;2.52.0&apos;, revision: &apos;4c2593c&apos;, time: &apos;2016-02-11 19:06:42&apos;
System info: host: &apos;N/A&apos;, ip: &apos;N/A&apos;, os.name: &apos;Mac OS X&apos;, os.arch: &apos;x86_64&apos;, os.version: &apos;10.11.3&apos;, java.version: &apos;1.7.0_79&apos;
*** Element info: {Using=name, value=addr}
Session ID: 904adb57-3edf-a040-858f-b79d8d33475e
Driver info: org.openqa.selenium.firefox.FirefoxDriver
Capabilities [{platform=MAC, acceptSslCerts=true, javascriptEnabled=true, cssSelectorsEnabled=true, databaseEnabled=true, browserName=firefox, handlesAlerts=true, nativeEvents=false, webStorageEnabled=true, rotatable=false, locationContextEnabled=true, applicationCacheEnabled=true, takesScreenshot=true, version=40.0}]
	at sun.reflect.NativeConstructorAccessorImpl.newInstance0(Native Method)
	at sun.reflect.NativeConstructorAccessorImpl.newInstance(NativeConstructorAccessorImpl.java:57)
	at sun.reflect.DelegatingConstructorAccessorImpl.newInstance(DelegatingConstructorAccessorImpl.java:45)
	at java.lang.reflect.Constructor.newInstance(Constructor.java:526)
	at org.openqa.selenium.remote.ErrorHandler.createThrowable(ErrorHandler.java:206)
	at org.openqa.selenium.remote.ErrorHandler.throwIfResponseFailed(ErrorHandler.java:158)
	at org.openqa.selenium.remote.RemoteWebDriver.execute(RemoteWebDriver.java:678)
	at org.openqa.selenium.remote.RemoteWebDriver.findElement(RemoteWebDriver.java:363)
	at org.openqa.selenium.remote.RemoteWebDriver.findElementByName(RemoteWebDriver.java:461)
	at org.openqa.selenium.By$ByName.findElement(By.java:303)
	at org.openqa.selenium.remote.RemoteWebDriver.findElement(RemoteWebDriver.java:355)
	at operation.UIOperation.perform(UIOperation.java:23)
	at testCases.HybridExecuteTest.testLogin(HybridExecuteTest.java:32)
	at sun.reflect.GeneratedMethodAccessor2.invoke(Unknown Source)
	at sun.reflect.DelegatingMethodAccessorImpl.invoke(DelegatingMethodAccessorImpl.java:43)
	at java.lang.reflect.Method.invoke(Method.java:606)
	at org.testng.internal.MethodInvocationHelper.invokeMethod(MethodInvocationHelper.java:85)
	at org.testng.internal.Invoker.invokeMethod(Invoker.java:639)
	at org.testng.internal.Invoker.invokeTestMethod(Invoker.java:816)
	at org.testng.internal.Invoker.invokeTestMethods(Invoker.java:1124)
	at org.testng.internal.TestMethodWorker.invokeTestMethods(TestMethodWorker.java:125)
	at org.testng.internal.TestMethodWorker.run(TestMethodWorker.java:108)
	at org.testng.TestRunner.privateRun(TestRunner.java:774)
	at org.testng.TestRunner.run(TestRunner.java:624)
	at org.testng.SuiteRunner.runTest(SuiteRunner.java:359)
	at org.testng.SuiteRunner.runSequentially(SuiteRunner.java:354)
	at org.testng.SuiteRunner.privateRun(SuiteRunner.java:312)
	at org.testng.SuiteRunner.run(SuiteRunner.java:261)
	at org.testng.SuiteRunnerWorker.runSuite(SuiteRunnerWorker.java:52)
	at org.testng.SuiteRunnerWorker.run(SuiteRunnerWorker.java:86)
	at org.testng.TestNG.runSuitesSequentially(TestNG.java:1215)
	at org.testng.TestNG.runSuitesLocally(TestNG.java:1140)
	at org.testng.TestNG.run(TestNG.java:1048)
	at org.testng.remote.AbstractRemoteTestNG.run(AbstractRemoteTestNG.java:126)
	at org.testng.remote.RemoteTestNG.initAndRun(RemoteTestNG.java:137)
	at org.testng.remote.RemoteTestNG.main(RemoteTestNG.java:58)
Caused by: org.openqa.selenium.NoSuchElementException: Unable to locate element: {&quot;method&quot;:&quot;name&quot;,&quot;selector&quot;:&quot;addr&quot;}
For documentation on this error, please visit: http://seleniumhq.org/exceptions/no_such_element.html
Build info: version: &apos;2.52.0&apos;, revision: &apos;4c2593c&apos;, time: &apos;2016-02-11 19:06:42&apos;
System info: host: &apos;N/A&apos;, ip: &apos;N/A&apos;, os.name: &apos;Mac OS X&apos;, os.arch: &apos;x86_64&apos;, os.version: &apos;10.11.3&apos;, java.version: &apos;1.7.0_79&apos;
Driver info: driver.version: unknown
	at &lt;anonymous class&gt;.FirefoxDriver.prototype.findElementInternal_(file:///var/folders/h3/f9f_38q12mz28hstwjhknfv40000gn/T/anonymous4924798577379947887webdriver-profile/extensions/fxdriver@googlecode.com/components/driver-component.js:10723)
	at &lt;anonymous class&gt;.FirefoxDriver.prototype.findElement(file:///var/folders/h3/f9f_38q12mz28hstwjhknfv40000gn/T/anonymous4924798577379947887webdriver-profile/extensions/fxdriver@googlecode.com/components/driver-component.js:10732)
	at &lt;anonymous class&gt;.DelayedCommand.prototype.executeInternal_/h(file:///var/folders/h3/f9f_38q12mz28hstwjhknfv40000gn/T/anonymous4924798577379947887webdriver-profile/extensions/fxdriver@googlecode.com/components/command-processor.js:12614)
	at &lt;anonymous class&gt;.DelayedCommand.prototype.executeInternal_(file:///var/folders/h3/f9f_38q12mz28hstwjhknfv40000gn/T/anonymous4924798577379947887webdriver-profile/extensions/fxdriver@googlecode.com/components/command-processor.js:12619)
	at &lt;anonymous class&gt;.DelayedCommand.prototype.execute/&lt;(file:///var/folders/h3/f9f_38q12mz28hstwjhknfv40000gn/T/anonymous4924798577379947887webdriver-profile/extensions/fxdriver@googlecode.com/components/command-processor.js:12561)
</div></td></tr></table><p class="totop"><a href="#summary">back to summary</a></p><h3 id="m15">testCases.HybridExecuteTest#testLogin</h3><table class="result"><tr class="param"><th>Parameter #1</th><th>Parameter #2</th><th>Parameter #3</th><th>Parameter #4</th><th>Parameter #5</th></tr><tr class="param stripe"><td></td><td>CLICK</td><td>path</td><td>xpath</td><td></td></tr><tr><th colspan="5">Exception</th></tr><tr><td colspan="5"><div class="stacktrace">org.openqa.selenium.UnhandledAlertException: Unexpected modal dialog (text: User or Password is not valid): User or Password is not valid
Build info: version: &apos;2.52.0&apos;, revision: &apos;4c2593c&apos;, time: &apos;2016-02-11 19:06:42&apos;
System info: host: &apos;N/A&apos;, ip: &apos;N/A&apos;, os.name: &apos;Mac OS X&apos;, os.arch: &apos;x86_64&apos;, os.version: &apos;10.11.3&apos;, java.version: &apos;1.7.0_79&apos;
*** Element info: {Using=xpath, value=html/body/div[2]/div/ul/li[2]/a}
Session ID: ed0f55ff-0d3e-be4b-8c35-7ae12a89e051
Driver info: org.openqa.selenium.firefox.FirefoxDriver
Capabilities [{platform=MAC, acceptSslCerts=true, javascriptEnabled=true, cssSelectorsEnabled=true, databaseEnabled=true, browserName=firefox, handlesAlerts=true, nativeEvents=false, webStorageEnabled=true, rotatable=false, locationContextEnabled=true, applicationCacheEnabled=true, takesScreenshot=true, version=40.0}]
	at sun.reflect.NativeConstructorAccessorImpl.newInstance0(Native Method)
	at sun.reflect.NativeConstructorAccessorImpl.newInstance(NativeConstructorAccessorImpl.java:57)
	at sun.reflect.DelegatingConstructorAccessorImpl.newInstance(DelegatingConstructorAccessorImpl.java:45)
	at java.lang.reflect.Constructor.newInstance(Constructor.java:526)
	at org.openqa.selenium.remote.ErrorHandler.createThrowable(ErrorHandler.java:206)
	at org.openqa.selenium.remote.ErrorHandler.createUnhandledAlertException(ErrorHandler.java:187)
	at org.openqa.selenium.remote.ErrorHandler.throwIfResponseFailed(ErrorHandler.java:154)
	at org.openqa.selenium.remote.RemoteWebDriver.execute(RemoteWebDriver.java:678)
	at org.openqa.selenium.remote.RemoteWebDriver.findElement(RemoteWebDriver.java:363)
	at org.openqa.selenium.remote.RemoteWebDriver.findElementByXPath(RemoteWebDriver.java:500)
	at org.openqa.selenium.By$ByXPath.findElement(By.java:361)
	at org.openqa.selenium.remote.RemoteWebDriver.findElement(RemoteWebDriver.java:355)
	at operation.UIOperation.perform(UIOperation.java:19)
	at testCases.HybridExecuteTest.testLogin(HybridExecuteTest.java:32)
	at sun.reflect.GeneratedMethodAccessor2.invoke(Unknown Source)
	at sun.reflect.DelegatingMethodAccessorImpl.invoke(DelegatingMethodAccessorImpl.java:43)
	at java.lang.reflect.Method.invoke(Method.java:606)
	at org.testng.internal.MethodInvocationHelper.invokeMethod(MethodInvocationHelper.java:85)
	at org.testng.internal.Invoker.invokeMethod(Invoker.java:639)
	at org.testng.internal.Invoker.invokeTestMethod(Invoker.java:816)
	at org.testng.internal.Invoker.invokeTestMethods(Invoker.java:1124)
	at org.testng.internal.TestMethodWorker.invokeTestMethods(TestMethodWorker.java:125)
	at org.testng.internal.TestMethodWorker.run(TestMethodWorker.java:108)
	at org.testng.TestRunner.privateRun(TestRunner.java:774)
	at org.testng.TestRunner.run(TestRunner.java:624)
	at org.testng.SuiteRunner.runTest(SuiteRunner.java:359)
	at org.testng.SuiteRunner.runSequentially(SuiteRunner.java:354)
	at org.testng.SuiteRunner.privateRun(SuiteRunner.java:312)
	at org.testng.SuiteRunner.run(SuiteRunner.java:261)
	at org.testng.SuiteRunnerWorker.runSuite(SuiteRunnerWorker.java:52)
	at org.testng.SuiteRunnerWorker.run(SuiteRunnerWorker.java:86)
	at org.testng.TestNG.runSuitesSequentially(TestNG.java:1215)
	at org.testng.TestNG.runSuitesLocally(TestNG.java:1140)
	at org.testng.TestNG.run(TestNG.java:1048)
	at org.testng.remote.AbstractRemoteTestNG.run(AbstractRemoteTestNG.java:126)
	at org.testng.remote.RemoteTestNG.initAndRun(RemoteTestNG.java:137)
	at org.testng.remote.RemoteTestNG.main(RemoteTestNG.java:58)
</div></td></tr></table><p class="totop"><a href="#summary">back to summary</a></p><h3 id="m16">testCases.HybridExecuteTest#testLogin</h3><table class="result"><tr class="param"><th>Parameter #1</th><th>Parameter #2</th><th>Parameter #3</th><th>Parameter #4</th><th>Parameter #5</th></tr><tr class="param stripe"><td></td><td>SETTEXT</td><td>mob</td><td>name</td><td>988555.0</td></tr><tr><th colspan="5">Exception</th></tr><tr><td colspan="5"><div class="stacktrace">org.openqa.selenium.NoSuchElementException: Unable to locate element: {&quot;method&quot;:&quot;name&quot;,&quot;selector&quot;:&quot;telephoneno&quot;}
Command duration or timeout: 36 milliseconds
For documentation on this error, please visit: http://seleniumhq.org/exceptions/no_such_element.html
Build info: version: &apos;2.52.0&apos;, revision: &apos;4c2593c&apos;, time: &apos;2016-02-11 19:06:42&apos;
System info: host: &apos;N/A&apos;, ip: &apos;N/A&apos;, os.name: &apos;Mac OS X&apos;, os.arch: &apos;x86_64&apos;, os.version: &apos;10.11.3&apos;, java.version: &apos;1.7.0_79&apos;
*** Element info: {Using=name, value=telephoneno}
Session ID: ed0f55ff-0d3e-be4b-8c35-7ae12a89e051
Driver info: org.openqa.selenium.firefox.FirefoxDriver
Capabilities [{platform=MAC, acceptSslCerts=true, javascriptEnabled=true, cssSelectorsEnabled=true, databaseEnabled=true, browserName=firefox, handlesAlerts=true, nativeEvents=false, webStorageEnabled=true, rotatable=false, locationContextEnabled=true, applicationCacheEnabled=true, takesScreenshot=true, version=40.0}]
	at sun.reflect.GeneratedConstructorAccessor18.newInstance(Unknown Source)
	at sun.reflect.DelegatingConstructorAccessorImpl.newInstance(DelegatingConstructorAccessorImpl.java:45)
	at java.lang.reflect.Constructor.newInstance(Constructor.java:526)
	at org.openqa.selenium.remote.ErrorHandler.createThrowable(ErrorHandler.java:206)
	at org.openqa.selenium.remote.ErrorHandler.throwIfResponseFailed(ErrorHandler.java:158)
	at org.openqa.selenium.remote.RemoteWebDriver.execute(RemoteWebDriver.java:678)
	at org.openqa.selenium.remote.RemoteWebDriver.findElement(RemoteWebDriver.java:363)
	at org.openqa.selenium.remote.RemoteWebDriver.findElementByName(RemoteWebDriver.java:461)
	at org.openqa.selenium.By$ByName.findElement(By.java:303)
	at org.openqa.selenium.remote.RemoteWebDriver.findElement(RemoteWebDriver.java:355)
	at operation.UIOperation.perform(UIOperation.java:23)
	at testCases.HybridExecuteTest.testLogin(HybridExecuteTest.java:32)
	at sun.reflect.GeneratedMethodAccessor2.invoke(Unknown Source)
	at sun.reflect.DelegatingMethodAccessorImpl.invoke(DelegatingMethodAccessorImpl.java:43)
	at java.lang.reflect.Method.invoke(Method.java:606)
	at org.testng.internal.MethodInvocationHelper.invokeMethod(MethodInvocationHelper.java:85)
	at org.testng.internal.Invoker.invokeMethod(Invoker.java:639)
	at org.testng.internal.Invoker.invokeTestMethod(Invoker.java:816)
	at org.testng.internal.Invoker.invokeTestMethods(Invoker.java:1124)
	at org.testng.internal.TestMethodWorker.invokeTestMethods(TestMethodWorker.java:125)
	at org.testng.internal.TestMethodWorker.run(TestMethodWorker.java:108)
	at org.testng.TestRunner.privateRun(TestRunner.java:774)
	at org.testng.TestRunner.run(TestRunner.java:624)
	at org.testng.SuiteRunner.runTest(SuiteRunner.java:359)
	at org.testng.SuiteRunner.runSequentially(SuiteRunner.java:354)
	at org.testng.SuiteRunner.privateRun(SuiteRunner.java:312)
	at org.testng.SuiteRunner.run(SuiteRunner.java:261)
	at org.testng.SuiteRunnerWorker.runSuite(SuiteRunnerWorker.java:52)
	at org.testng.SuiteRunnerWorker.run(SuiteRunnerWorker.java:86)
	at org.testng.TestNG.runSuitesSequentially(TestNG.java:1215)
	at org.testng.TestNG.runSuitesLocally(TestNG.java:1140)
	at org.testng.TestNG.run(TestNG.java:1048)
	at org.testng.remote.AbstractRemoteTestNG.run(AbstractRemoteTestNG.java:126)
	at org.testng.remote.RemoteTestNG.initAndRun(RemoteTestNG.java:137)
	at org.testng.remote.RemoteTestNG.main(RemoteTestNG.java:58)
Caused by: org.openqa.selenium.NoSuchElementException: Unable to locate element: {&quot;method&quot;:&quot;name&quot;,&quot;selector&quot;:&quot;telephoneno&quot;}
For documentation on this error, please visit: http://seleniumhq.org/exceptions/no_such_element.html
Build info: version: &apos;2.52.0&apos;, revision: &apos;4c2593c&apos;, time: &apos;2016-02-11 19:06:42&apos;
System info: host: &apos;N/A&apos;, ip: &apos;N/A&apos;, os.name: &apos;Mac OS X&apos;, os.arch: &apos;x86_64&apos;, os.version: &apos;10.11.3&apos;, java.version: &apos;1.7.0_79&apos;
Driver info: driver.version: unknown
	at &lt;anonymous class&gt;.FirefoxDriver.prototype.findElementInternal_(file:///var/folders/h3/f9f_38q12mz28hstwjhknfv40000gn/T/anonymous3464882444178610356webdriver-profile/extensions/fxdriver@googlecode.com/components/driver-component.js:10723)
	at &lt;anonymous class&gt;.FirefoxDriver.prototype.findElement(file:///var/folders/h3/f9f_38q12mz28hstwjhknfv40000gn/T/anonymous3464882444178610356webdriver-profile/extensions/fxdriver@googlecode.com/components/driver-component.js:10732)
	at &lt;anonymous class&gt;.DelayedCommand.prototype.executeInternal_/h(file:///var/folders/h3/f9f_38q12mz28hstwjhknfv40000gn/T/anonymous3464882444178610356webdriver-profile/extensions/fxdriver@googlecode.com/components/command-processor.js:12614)
	at &lt;anonymous class&gt;.DelayedCommand.prototype.executeInternal_(file:///var/folders/h3/f9f_38q12mz28hstwjhknfv40000gn/T/anonymous3464882444178610356webdriver-profile/extensions/fxdriver@googlecode.com/components/command-processor.js:12619)
	at &lt;anonymous class&gt;.DelayedCommand.prototype.execute/&lt;(file:///var/folders/h3/f9f_38q12mz28hstwjhknfv40000gn/T/anonymous3464882444178610356webdriver-profile/extensions/fxdriver@googlecode.com/components/command-processor.js:12561)
</div></td></tr></table><p class="totop"><a href="#summary">back to summary</a></p><h3 id="m17">testCases.HybridExecuteTest#testLogin</h3><table class="result"><tr class="param"><th>Parameter #1</th><th>Parameter #2</th><th>Parameter #3</th><th>Parameter #4</th><th>Parameter #5</th></tr><tr class="param stripe"><td></td><td>SETTEXT</td><td>mob</td><td>name</td><td>988555.0</td></tr><tr><th colspan="5">Exception</th></tr><tr><td colspan="5"><div class="stacktrace">org.openqa.selenium.NoSuchElementException: Unable to locate element: {&quot;method&quot;:&quot;name&quot;,&quot;selector&quot;:&quot;telephoneno&quot;}
Command duration or timeout: 32 milliseconds
For documentation on this error, please visit: http://seleniumhq.org/exceptions/no_such_element.html
Build info: version: &apos;2.52.0&apos;, revision: &apos;4c2593c&apos;, time: &apos;2016-02-11 19:06:42&apos;
System info: host: &apos;N/A&apos;, ip: &apos;N/A&apos;, os.name: &apos;Mac OS X&apos;, os.arch: &apos;x86_64&apos;, os.version: &apos;10.11.3&apos;, java.version: &apos;1.7.0_79&apos;
*** Element info: {Using=name, value=telephoneno}
Session ID: 904adb57-3edf-a040-858f-b79d8d33475e
Driver info: org.openqa.selenium.firefox.FirefoxDriver
Capabilities [{platform=MAC, acceptSslCerts=true, javascriptEnabled=true, cssSelectorsEnabled=true, databaseEnabled=true, browserName=firefox, handlesAlerts=true, nativeEvents=false, webStorageEnabled=true, rotatable=false, locationContextEnabled=true, applicationCacheEnabled=true, takesScreenshot=true, version=40.0}]
	at sun.reflect.NativeConstructorAccessorImpl.newInstance0(Native Method)
	at sun.reflect.NativeConstructorAccessorImpl.newInstance(NativeConstructorAccessorImpl.java:57)
	at sun.reflect.DelegatingConstructorAccessorImpl.newInstance(DelegatingConstructorAccessorImpl.java:45)
	at java.lang.reflect.Constructor.newInstance(Constructor.java:526)
	at org.openqa.selenium.remote.ErrorHandler.createThrowable(ErrorHandler.java:206)
	at org.openqa.selenium.remote.ErrorHandler.throwIfResponseFailed(ErrorHandler.java:158)
	at org.openqa.selenium.remote.RemoteWebDriver.execute(RemoteWebDriver.java:678)
	at org.openqa.selenium.remote.RemoteWebDriver.findElement(RemoteWebDriver.java:363)
	at org.openqa.selenium.remote.RemoteWebDriver.findElementByName(RemoteWebDriver.java:461)
	at org.openqa.selenium.By$ByName.findElement(By.java:303)
	at org.openqa.selenium.remote.RemoteWebDriver.findElement(RemoteWebDriver.java:355)
	at operation.UIOperation.perform(UIOperation.java:23)
	at testCases.HybridExecuteTest.testLogin(HybridExecuteTest.java:32)
	at sun.reflect.GeneratedMethodAccessor2.invoke(Unknown Source)
	at sun.reflect.DelegatingMethodAccessorImpl.invoke(DelegatingMethodAccessorImpl.java:43)
	at java.lang.reflect.Method.invoke(Method.java:606)
	at org.testng.internal.MethodInvocationHelper.invokeMethod(MethodInvocationHelper.java:85)
	at org.testng.internal.Invoker.invokeMethod(Invoker.java:639)
	at org.testng.internal.Invoker.invokeTestMethod(Invoker.java:816)
	at org.testng.internal.Invoker.invokeTestMethods(Invoker.java:1124)
	at org.testng.internal.TestMethodWorker.invokeTestMethods(TestMethodWorker.java:125)
	at org.testng.internal.TestMethodWorker.run(TestMethodWorker.java:108)
	at org.testng.TestRunner.privateRun(TestRunner.java:774)
	at org.testng.TestRunner.run(TestRunner.java:624)
	at org.testng.SuiteRunner.runTest(SuiteRunner.java:359)
	at org.testng.SuiteRunner.runSequentially(SuiteRunner.java:354)
	at org.testng.SuiteRunner.privateRun(SuiteRunner.java:312)
	at org.testng.SuiteRunner.run(SuiteRunner.java:261)
	at org.testng.SuiteRunnerWorker.runSuite(SuiteRunnerWorker.java:52)
	at org.testng.SuiteRunnerWorker.run(SuiteRunnerWorker.java:86)
	at org.testng.TestNG.runSuitesSequentially(TestNG.java:1215)
	at org.testng.TestNG.runSuitesLocally(TestNG.java:1140)
	at org.testng.TestNG.run(TestNG.java:1048)
	at org.testng.remote.AbstractRemoteTestNG.run(AbstractRemoteTestNG.java:126)
	at org.testng.remote.RemoteTestNG.initAndRun(RemoteTestNG.java:137)
	at org.testng.remote.RemoteTestNG.main(RemoteTestNG.java:58)
Caused by: org.openqa.selenium.NoSuchElementException: Unable to locate element: {&quot;method&quot;:&quot;name&quot;,&quot;selector&quot;:&quot;telephoneno&quot;}
For documentation on this error, please visit: http://seleniumhq.org/exceptions/no_such_element.html
Build info: version: &apos;2.52.0&apos;, revision: &apos;4c2593c&apos;, time: &apos;2016-02-11 19:06:42&apos;
System info: host: &apos;N/A&apos;, ip: &apos;N/A&apos;, os.name: &apos;Mac OS X&apos;, os.arch: &apos;x86_64&apos;, os.version: &apos;10.11.3&apos;, java.version: &apos;1.7.0_79&apos;
Driver info: driver.version: unknown
	at &lt;anonymous class&gt;.FirefoxDriver.prototype.findElementInternal_(file:///var/folders/h3/f9f_38q12mz28hstwjhknfv40000gn/T/anonymous4924798577379947887webdriver-profile/extensions/fxdriver@googlecode.com/components/driver-component.js:10723)
	at &lt;anonymous class&gt;.FirefoxDriver.prototype.findElement(file:///var/folders/h3/f9f_38q12mz28hstwjhknfv40000gn/T/anonymous4924798577379947887webdriver-profile/extensions/fxdriver@googlecode.com/components/driver-component.js:10732)
	at &lt;anonymous class&gt;.DelayedCommand.prototype.executeInternal_/h(file:///var/folders/h3/f9f_38q12mz28hstwjhknfv40000gn/T/anonymous4924798577379947887webdriver-profile/extensions/fxdriver@googlecode.com/components/command-processor.js:12614)
	at &lt;anonymous class&gt;.DelayedCommand.prototype.executeInternal_(file:///var/folders/h3/f9f_38q12mz28hstwjhknfv40000gn/T/anonymous4924798577379947887webdriver-profile/extensions/fxdriver@googlecode.com/components/command-processor.js:12619)
	at &lt;anonymous class&gt;.DelayedCommand.prototype.execute/&lt;(file:///var/folders/h3/f9f_38q12mz28hstwjhknfv40000gn/T/anonymous4924798577379947887webdriver-profile/extensions/fxdriver@googlecode.com/components/command-processor.js:12561)
</div></td></tr></table><p class="totop"><a href="#summary">back to summary</a></p><h3 id="m18">testCases.HybridExecuteTest#testLogin</h3><table class="result"><tr class="param"><th>Parameter #1</th><th>Parameter #2</th><th>Parameter #3</th><th>Parameter #4</th><th>Parameter #5</th></tr><tr class="param stripe"><td></td><td>SETTEXT</td><td>dbirth</td><td>name</td><td>19/08/1984</td></tr><tr><th colspan="5">Exception</th></tr><tr><td colspan="5"><div class="stacktrace">org.openqa.selenium.NoSuchElementException: Unable to locate element: {&quot;method&quot;:&quot;name&quot;,&quot;selector&quot;:&quot;dob&quot;}
Command duration or timeout: 17 milliseconds
For documentation on this error, please visit: http://seleniumhq.org/exceptions/no_such_element.html
Build info: version: &apos;2.52.0&apos;, revision: &apos;4c2593c&apos;, time: &apos;2016-02-11 19:06:42&apos;
System info: host: &apos;N/A&apos;, ip: &apos;N/A&apos;, os.name: &apos;Mac OS X&apos;, os.arch: &apos;x86_64&apos;, os.version: &apos;10.11.3&apos;, java.version: &apos;1.7.0_79&apos;
*** Element info: {Using=name, value=dob}
Session ID: 904adb57-3edf-a040-858f-b79d8d33475e
Driver info: org.openqa.selenium.firefox.FirefoxDriver
Capabilities [{platform=MAC, acceptSslCerts=true, javascriptEnabled=true, cssSelectorsEnabled=true, databaseEnabled=true, browserName=firefox, handlesAlerts=true, nativeEvents=false, webStorageEnabled=true, rotatable=false, locationContextEnabled=true, applicationCacheEnabled=true, takesScreenshot=true, version=40.0}]
	at sun.reflect.NativeConstructorAccessorImpl.newInstance0(Native Method)
	at sun.reflect.NativeConstructorAccessorImpl.newInstance(NativeConstructorAccessorImpl.java:57)
	at sun.reflect.DelegatingConstructorAccessorImpl.newInstance(DelegatingConstructorAccessorImpl.java:45)
	at java.lang.reflect.Constructor.newInstance(Constructor.java:526)
	at org.openqa.selenium.remote.ErrorHandler.createThrowable(ErrorHandler.java:206)
	at org.openqa.selenium.remote.ErrorHandler.throwIfResponseFailed(ErrorHandler.java:158)
	at org.openqa.selenium.remote.RemoteWebDriver.execute(RemoteWebDriver.java:678)
	at org.openqa.selenium.remote.RemoteWebDriver.findElement(RemoteWebDriver.java:363)
	at org.openqa.selenium.remote.RemoteWebDriver.findElementByName(RemoteWebDriver.java:461)
	at org.openqa.selenium.By$ByName.findElement(By.java:303)
	at org.openqa.selenium.remote.RemoteWebDriver.findElement(RemoteWebDriver.java:355)
	at operation.UIOperation.perform(UIOperation.java:23)
	at testCases.HybridExecuteTest.testLogin(HybridExecuteTest.java:32)
	at sun.reflect.GeneratedMethodAccessor2.invoke(Unknown Source)
	at sun.reflect.DelegatingMethodAccessorImpl.invoke(DelegatingMethodAccessorImpl.java:43)
	at java.lang.reflect.Method.invoke(Method.java:606)
	at org.testng.internal.MethodInvocationHelper.invokeMethod(MethodInvocationHelper.java:85)
	at org.testng.internal.Invoker.invokeMethod(Invoker.java:639)
	at org.testng.internal.Invoker.invokeTestMethod(Invoker.java:816)
	at org.testng.internal.Invoker.invokeTestMethods(Invoker.java:1124)
	at org.testng.internal.TestMethodWorker.invokeTestMethods(TestMethodWorker.java:125)
	at org.testng.internal.TestMethodWorker.run(TestMethodWorker.java:108)
	at org.testng.TestRunner.privateRun(TestRunner.java:774)
	at org.testng.TestRunner.run(TestRunner.java:624)
	at org.testng.SuiteRunner.runTest(SuiteRunner.java:359)
	at org.testng.SuiteRunner.runSequentially(SuiteRunner.java:354)
	at org.testng.SuiteRunner.privateRun(SuiteRunner.java:312)
	at org.testng.SuiteRunner.run(SuiteRunner.java:261)
	at org.testng.SuiteRunnerWorker.runSuite(SuiteRunnerWorker.java:52)
	at org.testng.SuiteRunnerWorker.run(SuiteRunnerWorker.java:86)
	at org.testng.TestNG.runSuitesSequentially(TestNG.java:1215)
	at org.testng.TestNG.runSuitesLocally(TestNG.java:1140)
	at org.testng.TestNG.run(TestNG.java:1048)
	at org.testng.remote.AbstractRemoteTestNG.run(AbstractRemoteTestNG.java:126)
	at org.testng.remote.RemoteTestNG.initAndRun(RemoteTestNG.java:137)
	at org.testng.remote.RemoteTestNG.main(RemoteTestNG.java:58)
Caused by: org.openqa.selenium.NoSuchElementException: Unable to locate element: {&quot;method&quot;:&quot;name&quot;,&quot;selector&quot;:&quot;dob&quot;}
For documentation on this error, please visit: http://seleniumhq.org/exceptions/no_such_element.html
Build info: version: &apos;2.52.0&apos;, revision: &apos;4c2593c&apos;, time: &apos;2016-02-11 19:06:42&apos;
System info: host: &apos;N/A&apos;, ip: &apos;N/A&apos;, os.name: &apos;Mac OS X&apos;, os.arch: &apos;x86_64&apos;, os.version: &apos;10.11.3&apos;, java.version: &apos;1.7.0_79&apos;
Driver info: driver.version: unknown
	at &lt;anonymous class&gt;.FirefoxDriver.prototype.findElementInternal_(file:///var/folders/h3/f9f_38q12mz28hstwjhknfv40000gn/T/anonymous4924798577379947887webdriver-profile/extensions/fxdriver@googlecode.com/components/driver-component.js:10723)
	at &lt;anonymous class&gt;.FirefoxDriver.prototype.findElement(file:///var/folders/h3/f9f_38q12mz28hstwjhknfv40000gn/T/anonymous4924798577379947887webdriver-profile/extensions/fxdriver@googlecode.com/components/driver-component.js:10732)
	at &lt;anonymous class&gt;.DelayedCommand.prototype.executeInternal_/h(file:///var/folders/h3/f9f_38q12mz28hstwjhknfv40000gn/T/anonymous4924798577379947887webdriver-profile/extensions/fxdriver@googlecode.com/components/command-processor.js:12614)
	at &lt;anonymous class&gt;.DelayedCommand.prototype.executeInternal_(file:///var/folders/h3/f9f_38q12mz28hstwjhknfv40000gn/T/anonymous4924798577379947887webdriver-profile/extensions/fxdriver@googlecode.com/components/command-processor.js:12619)
	at &lt;anonymous class&gt;.DelayedCommand.prototype.execute/&lt;(file:///var/folders/h3/f9f_38q12mz28hstwjhknfv40000gn/T/anonymous4924798577379947887webdriver-profile/extensions/fxdriver@googlecode.com/components/command-processor.js:12561)
</div></td></tr></table><p class="totop"><a href="#summary">back to summary</a></p><h3 id="m19">testCases.HybridExecuteTest#testLogin</h3><table class="result"><tr class="param"><th>Parameter #1</th><th>Parameter #2</th><th>Parameter #3</th><th>Parameter #4</th><th>Parameter #5</th></tr><tr class="param stripe"><td></td><td>CLICK</td><td>submit</td><td>name</td><td>sub</td></tr><tr><th colspan="5">Exception</th></tr><tr><td colspan="5"><div class="stacktrace">org.openqa.selenium.NoSuchElementException: Unable to locate element: {&quot;method&quot;:&quot;name&quot;,&quot;selector&quot;:&quot;sub&quot;}
Command duration or timeout: 39 milliseconds
For documentation on this error, please visit: http://seleniumhq.org/exceptions/no_such_element.html
Build info: version: &apos;2.52.0&apos;, revision: &apos;4c2593c&apos;, time: &apos;2016-02-11 19:06:42&apos;
System info: host: &apos;N/A&apos;, ip: &apos;N/A&apos;, os.name: &apos;Mac OS X&apos;, os.arch: &apos;x86_64&apos;, os.version: &apos;10.11.3&apos;, java.version: &apos;1.7.0_79&apos;
*** Element info: {Using=name, value=sub}
Session ID: ed0f55ff-0d3e-be4b-8c35-7ae12a89e051
Driver info: org.openqa.selenium.firefox.FirefoxDriver
Capabilities [{platform=MAC, acceptSslCerts=true, javascriptEnabled=true, cssSelectorsEnabled=true, databaseEnabled=true, browserName=firefox, handlesAlerts=true, nativeEvents=false, webStorageEnabled=true, rotatable=false, locationContextEnabled=true, applicationCacheEnabled=true, takesScreenshot=true, version=40.0}]
	at sun.reflect.GeneratedConstructorAccessor18.newInstance(Unknown Source)
	at sun.reflect.DelegatingConstructorAccessorImpl.newInstance(DelegatingConstructorAccessorImpl.java:45)
	at java.lang.reflect.Constructor.newInstance(Constructor.java:526)
	at org.openqa.selenium.remote.ErrorHandler.createThrowable(ErrorHandler.java:206)
	at org.openqa.selenium.remote.ErrorHandler.throwIfResponseFailed(ErrorHandler.java:158)
	at org.openqa.selenium.remote.RemoteWebDriver.execute(RemoteWebDriver.java:678)
	at org.openqa.selenium.remote.RemoteWebDriver.findElement(RemoteWebDriver.java:363)
	at org.openqa.selenium.remote.RemoteWebDriver.findElementByName(RemoteWebDriver.java:461)
	at org.openqa.selenium.By$ByName.findElement(By.java:303)
	at org.openqa.selenium.remote.RemoteWebDriver.findElement(RemoteWebDriver.java:355)
	at operation.UIOperation.perform(UIOperation.java:19)
	at testCases.HybridExecuteTest.testLogin(HybridExecuteTest.java:32)
	at sun.reflect.GeneratedMethodAccessor2.invoke(Unknown Source)
	at sun.reflect.DelegatingMethodAccessorImpl.invoke(DelegatingMethodAccessorImpl.java:43)
	at java.lang.reflect.Method.invoke(Method.java:606)
	at org.testng.internal.MethodInvocationHelper.invokeMethod(MethodInvocationHelper.java:85)
	at org.testng.internal.Invoker.invokeMethod(Invoker.java:639)
	at org.testng.internal.Invoker.invokeTestMethod(Invoker.java:816)
	at org.testng.internal.Invoker.invokeTestMethods(Invoker.java:1124)
	at org.testng.internal.TestMethodWorker.invokeTestMethods(TestMethodWorker.java:125)
	at org.testng.internal.TestMethodWorker.run(TestMethodWorker.java:108)
	at org.testng.TestRunner.privateRun(TestRunner.java:774)
	at org.testng.TestRunner.run(TestRunner.java:624)
	at org.testng.SuiteRunner.runTest(SuiteRunner.java:359)
	at org.testng.SuiteRunner.runSequentially(SuiteRunner.java:354)
	at org.testng.SuiteRunner.privateRun(SuiteRunner.java:312)
	at org.testng.SuiteRunner.run(SuiteRunner.java:261)
	at org.testng.SuiteRunnerWorker.runSuite(SuiteRunnerWorker.java:52)
	at org.testng.SuiteRunnerWorker.run(SuiteRunnerWorker.java:86)
	at org.testng.TestNG.runSuitesSequentially(TestNG.java:1215)
	at org.testng.TestNG.runSuitesLocally(TestNG.java:1140)
	at org.testng.TestNG.run(TestNG.java:1048)
	at org.testng.remote.AbstractRemoteTestNG.run(AbstractRemoteTestNG.java:126)
	at org.testng.remote.RemoteTestNG.initAndRun(RemoteTestNG.java:137)
	at org.testng.remote.RemoteTestNG.main(RemoteTestNG.java:58)
Caused by: org.openqa.selenium.NoSuchElementException: Unable to locate element: {&quot;method&quot;:&quot;name&quot;,&quot;selector&quot;:&quot;sub&quot;}
For documentation on this error, please visit: http://seleniumhq.org/exceptions/no_such_element.html
Build info: version: &apos;2.52.0&apos;, revision: &apos;4c2593c&apos;, time: &apos;2016-02-11 19:06:42&apos;
System info: host: &apos;N/A&apos;, ip: &apos;N/A&apos;, os.name: &apos;Mac OS X&apos;, os.arch: &apos;x86_64&apos;, os.version: &apos;10.11.3&apos;, java.version: &apos;1.7.0_79&apos;
Driver info: driver.version: unknown
	at &lt;anonymous class&gt;.FirefoxDriver.prototype.findElementInternal_(file:///var/folders/h3/f9f_38q12mz28hstwjhknfv40000gn/T/anonymous3464882444178610356webdriver-profile/extensions/fxdriver@googlecode.com/components/driver-component.js:10723)
	at &lt;anonymous class&gt;.FirefoxDriver.prototype.findElement(file:///var/folders/h3/f9f_38q12mz28hstwjhknfv40000gn/T/anonymous3464882444178610356webdriver-profile/extensions/fxdriver@googlecode.com/components/driver-component.js:10732)
	at &lt;anonymous class&gt;.DelayedCommand.prototype.executeInternal_/h(file:///var/folders/h3/f9f_38q12mz28hstwjhknfv40000gn/T/anonymous3464882444178610356webdriver-profile/extensions/fxdriver@googlecode.com/components/command-processor.js:12614)
	at &lt;anonymous class&gt;.DelayedCommand.prototype.executeInternal_(file:///var/folders/h3/f9f_38q12mz28hstwjhknfv40000gn/T/anonymous3464882444178610356webdriver-profile/extensions/fxdriver@googlecode.com/components/command-processor.js:12619)
	at &lt;anonymous class&gt;.DelayedCommand.prototype.execute/&lt;(file:///var/folders/h3/f9f_38q12mz28hstwjhknfv40000gn/T/anonymous3464882444178610356webdriver-profile/extensions/fxdriver@googlecode.com/components/command-processor.js:12561)
</div></td></tr></table><p class="totop"><a href="#summary">back to summary</a></p><h3 id="m20">testCases.HybridExecuteTest#testLogin</h3><table class="result"><tr class="param"><th>Parameter #1</th><th>Parameter #2</th><th>Parameter #3</th><th>Parameter #4</th><th>Parameter #5</th></tr><tr class="param stripe"><td></td><td>SETTEXT</td><td>pin</td><td>name</td><td>400701.0</td></tr><tr><th colspan="5">Exception</th></tr><tr><td colspan="5"><div class="stacktrace">org.openqa.selenium.NoSuchElementException: Unable to locate element: {&quot;method&quot;:&quot;name&quot;,&quot;selector&quot;:&quot;pinno&quot;}
Command duration or timeout: 38 milliseconds
For documentation on this error, please visit: http://seleniumhq.org/exceptions/no_such_element.html
Build info: version: &apos;2.52.0&apos;, revision: &apos;4c2593c&apos;, time: &apos;2016-02-11 19:06:42&apos;
System info: host: &apos;N/A&apos;, ip: &apos;N/A&apos;, os.name: &apos;Mac OS X&apos;, os.arch: &apos;x86_64&apos;, os.version: &apos;10.11.3&apos;, java.version: &apos;1.7.0_79&apos;
*** Element info: {Using=name, value=pinno}
Session ID: ed0f55ff-0d3e-be4b-8c35-7ae12a89e051
Driver info: org.openqa.selenium.firefox.FirefoxDriver
Capabilities [{platform=MAC, acceptSslCerts=true, javascriptEnabled=true, cssSelectorsEnabled=true, databaseEnabled=true, browserName=firefox, handlesAlerts=true, nativeEvents=false, webStorageEnabled=true, rotatable=false, locationContextEnabled=true, applicationCacheEnabled=true, takesScreenshot=true, version=40.0}]
	at sun.reflect.GeneratedConstructorAccessor18.newInstance(Unknown Source)
	at sun.reflect.DelegatingConstructorAccessorImpl.newInstance(DelegatingConstructorAccessorImpl.java:45)
	at java.lang.reflect.Constructor.newInstance(Constructor.java:526)
	at org.openqa.selenium.remote.ErrorHandler.createThrowable(ErrorHandler.java:206)
	at org.openqa.selenium.remote.ErrorHandler.throwIfResponseFailed(ErrorHandler.java:158)
	at org.openqa.selenium.remote.RemoteWebDriver.execute(RemoteWebDriver.java:678)
	at org.openqa.selenium.remote.RemoteWebDriver.findElement(RemoteWebDriver.java:363)
	at org.openqa.selenium.remote.RemoteWebDriver.findElementByName(RemoteWebDriver.java:461)
	at org.openqa.selenium.By$ByName.findElement(By.java:303)
	at org.openqa.selenium.remote.RemoteWebDriver.findElement(RemoteWebDriver.java:355)
	at operation.UIOperation.perform(UIOperation.java:23)
	at testCases.HybridExecuteTest.testLogin(HybridExecuteTest.java:32)
	at sun.reflect.GeneratedMethodAccessor2.invoke(Unknown Source)
	at sun.reflect.DelegatingMethodAccessorImpl.invoke(DelegatingMethodAccessorImpl.java:43)
	at java.lang.reflect.Method.invoke(Method.java:606)
	at org.testng.internal.MethodInvocationHelper.invokeMethod(MethodInvocationHelper.java:85)
	at org.testng.internal.Invoker.invokeMethod(Invoker.java:639)
	at org.testng.internal.Invoker.invokeTestMethod(Invoker.java:816)
	at org.testng.internal.Invoker.invokeTestMethods(Invoker.java:1124)
	at org.testng.internal.TestMethodWorker.invokeTestMethods(TestMethodWorker.java:125)
	at org.testng.internal.TestMethodWorker.run(TestMethodWorker.java:108)
	at org.testng.TestRunner.privateRun(TestRunner.java:774)
	at org.testng.TestRunner.run(TestRunner.java:624)
	at org.testng.SuiteRunner.runTest(SuiteRunner.java:359)
	at org.testng.SuiteRunner.runSequentially(SuiteRunner.java:354)
	at org.testng.SuiteRunner.privateRun(SuiteRunner.java:312)
	at org.testng.SuiteRunner.run(SuiteRunner.java:261)
	at org.testng.SuiteRunnerWorker.runSuite(SuiteRunnerWorker.java:52)
	at org.testng.SuiteRunnerWorker.run(SuiteRunnerWorker.java:86)
	at org.testng.TestNG.runSuitesSequentially(TestNG.java:1215)
	at org.testng.TestNG.runSuitesLocally(TestNG.java:1140)
	at org.testng.TestNG.run(TestNG.java:1048)
	at org.testng.remote.AbstractRemoteTestNG.run(AbstractRemoteTestNG.java:126)
	at org.testng.remote.RemoteTestNG.initAndRun(RemoteTestNG.java:137)
	at org.testng.remote.RemoteTestNG.main(RemoteTestNG.java:58)
Caused by: org.openqa.selenium.NoSuchElementException: Unable to locate element: {&quot;method&quot;:&quot;name&quot;,&quot;selector&quot;:&quot;pinno&quot;}
For documentation on this error, please visit: http://seleniumhq.org/exceptions/no_such_element.html
Build info: version: &apos;2.52.0&apos;, revision: &apos;4c2593c&apos;, time: &apos;2016-02-11 19:06:42&apos;
System info: host: &apos;N/A&apos;, ip: &apos;N/A&apos;, os.name: &apos;Mac OS X&apos;, os.arch: &apos;x86_64&apos;, os.version: &apos;10.11.3&apos;, java.version: &apos;1.7.0_79&apos;
Driver info: driver.version: unknown
	at &lt;anonymous class&gt;.FirefoxDriver.prototype.findElementInternal_(file:///var/folders/h3/f9f_38q12mz28hstwjhknfv40000gn/T/anonymous3464882444178610356webdriver-profile/extensions/fxdriver@googlecode.com/components/driver-component.js:10723)
	at &lt;anonymous class&gt;.FirefoxDriver.prototype.findElement(file:///var/folders/h3/f9f_38q12mz28hstwjhknfv40000gn/T/anonymous3464882444178610356webdriver-profile/extensions/fxdriver@googlecode.com/components/driver-component.js:10732)
	at &lt;anonymous class&gt;.DelayedCommand.prototype.executeInternal_/h(file:///var/folders/h3/f9f_38q12mz28hstwjhknfv40000gn/T/anonymous3464882444178610356webdriver-profile/extensions/fxdriver@googlecode.com/components/command-processor.js:12614)
	at &lt;anonymous class&gt;.DelayedCommand.prototype.executeInternal_(file:///var/folders/h3/f9f_38q12mz28hstwjhknfv40000gn/T/anonymous3464882444178610356webdriver-profile/extensions/fxdriver@googlecode.com/components/command-processor.js:12619)
	at &lt;anonymous class&gt;.DelayedCommand.prototype.execute/&lt;(file:///var/folders/h3/f9f_38q12mz28hstwjhknfv40000gn/T/anonymous3464882444178610356webdriver-profile/extensions/fxdriver@googlecode.com/components/command-processor.js:12561)
</div></td></tr></table><p class="totop"><a href="#summary">back to summary</a></p><h3 id="m21">testCases.HybridExecuteTest#testLogin</h3><table class="result"><tr class="param"><th>Parameter #1</th><th>Parameter #2</th><th>Parameter #3</th><th>Parameter #4</th><th>Parameter #5</th></tr><tr class="param stripe"><td></td><td>SETTEXT</td><td>sta</td><td>name</td><td>maharashtra</td></tr><tr><th colspan="5">Exception</th></tr><tr><td colspan="5"><div class="stacktrace">org.openqa.selenium.NoSuchElementException: Unable to locate element: {&quot;method&quot;:&quot;name&quot;,&quot;selector&quot;:&quot;state&quot;}
Command duration or timeout: 26 milliseconds
For documentation on this error, please visit: http://seleniumhq.org/exceptions/no_such_element.html
Build info: version: &apos;2.52.0&apos;, revision: &apos;4c2593c&apos;, time: &apos;2016-02-11 19:06:42&apos;
System info: host: &apos;N/A&apos;, ip: &apos;N/A&apos;, os.name: &apos;Mac OS X&apos;, os.arch: &apos;x86_64&apos;, os.version: &apos;10.11.3&apos;, java.version: &apos;1.7.0_79&apos;
*** Element info: {Using=name, value=state}
Session ID: 904adb57-3edf-a040-858f-b79d8d33475e
Driver info: org.openqa.selenium.firefox.FirefoxDriver
Capabilities [{platform=MAC, acceptSslCerts=true, javascriptEnabled=true, cssSelectorsEnabled=true, databaseEnabled=true, browserName=firefox, handlesAlerts=true, nativeEvents=false, webStorageEnabled=true, rotatable=false, locationContextEnabled=true, applicationCacheEnabled=true, takesScreenshot=true, version=40.0}]
	at sun.reflect.NativeConstructorAccessorImpl.newInstance0(Native Method)
	at sun.reflect.NativeConstructorAccessorImpl.newInstance(NativeConstructorAccessorImpl.java:57)
	at sun.reflect.DelegatingConstructorAccessorImpl.newInstance(DelegatingConstructorAccessorImpl.java:45)
	at java.lang.reflect.Constructor.newInstance(Constructor.java:526)
	at org.openqa.selenium.remote.ErrorHandler.createThrowable(ErrorHandler.java:206)
	at org.openqa.selenium.remote.ErrorHandler.throwIfResponseFailed(ErrorHandler.java:158)
	at org.openqa.selenium.remote.RemoteWebDriver.execute(RemoteWebDriver.java:678)
	at org.openqa.selenium.remote.RemoteWebDriver.findElement(RemoteWebDriver.java:363)
	at org.openqa.selenium.remote.RemoteWebDriver.findElementByName(RemoteWebDriver.java:461)
	at org.openqa.selenium.By$ByName.findElement(By.java:303)
	at org.openqa.selenium.remote.RemoteWebDriver.findElement(RemoteWebDriver.java:355)
	at operation.UIOperation.perform(UIOperation.java:23)
	at testCases.HybridExecuteTest.testLogin(HybridExecuteTest.java:32)
	at sun.reflect.GeneratedMethodAccessor2.invoke(Unknown Source)
	at sun.reflect.DelegatingMethodAccessorImpl.invoke(DelegatingMethodAccessorImpl.java:43)
	at java.lang.reflect.Method.invoke(Method.java:606)
	at org.testng.internal.MethodInvocationHelper.invokeMethod(MethodInvocationHelper.java:85)
	at org.testng.internal.Invoker.invokeMethod(Invoker.java:639)
	at org.testng.internal.Invoker.invokeTestMethod(Invoker.java:816)
	at org.testng.internal.Invoker.invokeTestMethods(Invoker.java:1124)
	at org.testng.internal.TestMethodWorker.invokeTestMethods(TestMethodWorker.java:125)
	at org.testng.internal.TestMethodWorker.run(TestMethodWorker.java:108)
	at org.testng.TestRunner.privateRun(TestRunner.java:774)
	at org.testng.TestRunner.run(TestRunner.java:624)
	at org.testng.SuiteRunner.runTest(SuiteRunner.java:359)
	at org.testng.SuiteRunner.runSequentially(SuiteRunner.java:354)
	at org.testng.SuiteRunner.privateRun(SuiteRunner.java:312)
	at org.testng.SuiteRunner.run(SuiteRunner.java:261)
	at org.testng.SuiteRunnerWorker.runSuite(SuiteRunnerWorker.java:52)
	at org.testng.SuiteRunnerWorker.run(SuiteRunnerWorker.java:86)
	at org.testng.TestNG.runSuitesSequentially(TestNG.java:1215)
	at org.testng.TestNG.runSuitesLocally(TestNG.java:1140)
	at org.testng.TestNG.run(TestNG.java:1048)
	at org.testng.remote.AbstractRemoteTestNG.run(AbstractRemoteTestNG.java:126)
	at org.testng.remote.RemoteTestNG.initAndRun(RemoteTestNG.java:137)
	at org.testng.remote.RemoteTestNG.main(RemoteTestNG.java:58)
Caused by: org.openqa.selenium.NoSuchElementException: Unable to locate element: {&quot;method&quot;:&quot;name&quot;,&quot;selector&quot;:&quot;state&quot;}
For documentation on this error, please visit: http://seleniumhq.org/exceptions/no_such_element.html
Build info: version: &apos;2.52.0&apos;, revision: &apos;4c2593c&apos;, time: &apos;2016-02-11 19:06:42&apos;
System info: host: &apos;N/A&apos;, ip: &apos;N/A&apos;, os.name: &apos;Mac OS X&apos;, os.arch: &apos;x86_64&apos;, os.version: &apos;10.11.3&apos;, java.version: &apos;1.7.0_79&apos;
Driver info: driver.version: unknown
	at &lt;anonymous class&gt;.FirefoxDriver.prototype.findElementInternal_(file:///var/folders/h3/f9f_38q12mz28hstwjhknfv40000gn/T/anonymous4924798577379947887webdriver-profile/extensions/fxdriver@googlecode.com/components/driver-component.js:10723)
	at &lt;anonymous class&gt;.FirefoxDriver.prototype.findElement(file:///var/folders/h3/f9f_38q12mz28hstwjhknfv40000gn/T/anonymous4924798577379947887webdriver-profile/extensions/fxdriver@googlecode.com/components/driver-component.js:10732)
	at &lt;anonymous class&gt;.DelayedCommand.prototype.executeInternal_/h(file:///var/folders/h3/f9f_38q12mz28hstwjhknfv40000gn/T/anonymous4924798577379947887webdriver-profile/extensions/fxdriver@googlecode.com/components/command-processor.js:12614)
	at &lt;anonymous class&gt;.DelayedCommand.prototype.executeInternal_(file:///var/folders/h3/f9f_38q12mz28hstwjhknfv40000gn/T/anonymous4924798577379947887webdriver-profile/extensions/fxdriver@googlecode.com/components/command-processor.js:12619)
	at &lt;anonymous class&gt;.DelayedCommand.prototype.execute/&lt;(file:///var/folders/h3/f9f_38q12mz28hstwjhknfv40000gn/T/anonymous4924798577379947887webdriver-profile/extensions/fxdriver@googlecode.com/components/command-processor.js:12561)
</div></td></tr></table><p class="totop"><a href="#summary">back to summary</a></p><h3 id="m22">testCases.HybridExecuteTest#testLogin</h3><table class="result"><tr class="param"><th>Parameter #1</th><th>Parameter #2</th><th>Parameter #3</th><th>Parameter #4</th><th>Parameter #5</th></tr><tr class="param stripe"><td></td><td>GOTOURL</td><td></td><td></td><td>url</td></tr></table><p class="totop"><a href="#summary">back to summary</a></p><h3 id="m23">testCases.HybridExecuteTest#testLogin</h3><table class="result"><tr class="param"><th>Parameter #1</th><th>Parameter #2</th><th>Parameter #3</th><th>Parameter #4</th><th>Parameter #5</th></tr><tr class="param stripe"><td></td><td>SETTEXT</td><td>email</td><td>name</td><td>test1v234@gfddmail.com</td></tr></table><p class="totop"><a href="#summary">back to summary</a></p><h3 id="m24">testCases.HybridExecuteTest#testLogin</h3><table class="result"><tr class="param"><th>Parameter #1</th><th>Parameter #2</th><th>Parameter #3</th><th>Parameter #4</th><th>Parameter #5</th></tr><tr class="param stripe"><td></td><td>SETTEXT</td><td>pass</td><td>name</td><td>tester</td></tr></table><p class="totop"><a href="#summary">back to summary</a></p><h3 id="m25">testCases.HybridExecuteTest#testLogin</h3><table class="result"><tr class="param"><th>Parameter #1</th><th>Parameter #2</th><th>Parameter #3</th><th>Parameter #4</th><th>Parameter #5</th></tr><tr class="param stripe"><td></td><td>SETTEXT</td><td>cty</td><td>name</td><td>navi mumbai</td></tr></table><p class="totop"><a href="#summary">back to summary</a></p><h3 id="m26">testCases.HybridExecuteTest#testLogin</h3><table class="result"><tr class="param"><th>Parameter #1</th><th>Parameter #2</th><th>Parameter #3</th><th>Parameter #4</th><th>Parameter #5</th></tr><tr class="param stripe"><td></td><td>SETTEXT</td><td>username</td><td>name</td><td>mngr51234</td></tr></table><p class="totop"><a href="#summary">back to summary</a></p><h3 id="m27">testCases.HybridExecuteTest#testLogin</h3><table class="result"><tr class="param"><th>Parameter #1</th><th>Parameter #2</th><th>Parameter #3</th><th>Parameter #4</th><th>Parameter #5</th></tr><tr class="param stripe"><td></td><td>SETTEXT</td><td>pin</td><td>name</td><td>400701.0</td></tr></table><p class="totop"><a href="#summary">back to summary</a></p><h3 id="m28">testCases.HybridExecuteTest#testLogin</h3><table class="result"><tr class="param"><th>Parameter #1</th><th>Parameter #2</th><th>Parameter #3</th><th>Parameter #4</th><th>Parameter #5</th></tr><tr class="param stripe"><td></td><td>SETTEXT</td><td>username</td><td>name</td><td>mngr51234</td></tr></table><p class="totop"><a href="#summary">back to summary</a></p><h3 id="m29">testCases.HybridExecuteTest#testLogin</h3><table class="result"><tr class="param"><th>Parameter #1</th><th>Parameter #2</th><th>Parameter #3</th><th>Parameter #4</th><th>Parameter #5</th></tr><tr class="param stripe"><td></td><td>GOTOURL</td><td></td><td></td><td>url</td></tr></table><p class="totop"><a href="#summary">back to summary</a></p><h3 id="m30">testCases.HybridExecuteTest#testLogin</h3><table class="result"><tr class="param"><th>Parameter #1</th><th>Parameter #2</th><th>Parameter #3</th><th>Parameter #4</th><th>Parameter #5</th></tr><tr class="param stripe"><td></td><td>CLICK</td><td>submit</td><td>name</td><td>sub</td></tr></table><p class="totop"><a href="#summary">back to summary</a></p><h3 id="m31">testCases.HybridExecuteTest#testLogin</h3><table class="result"><tr class="param"><th>Parameter #1</th><th>Parameter #2</th><th>Parameter #3</th><th>Parameter #4</th><th>Parameter #5</th></tr><tr class="param stripe"><td></td><td>CLICK</td><td>path</td><td>xpath</td><td></td></tr></table><p class="totop"><a href="#summary">back to summary</a></p><h3 id="m32">testCases.HybridExecuteTest#testLogin</h3><table class="result"><tr class="param"><th>Parameter #1</th><th>Parameter #2</th><th>Parameter #3</th><th>Parameter #4</th><th>Parameter #5</th></tr><tr class="param stripe"><td>New Customer</td><td></td><td></td><td></td><td></td></tr></table><p class="totop"><a href="#summary">back to summary</a></p><h3 id="m33">testCases.HybridExecuteTest#testLogin</h3><table class="result"><tr class="param"><th>Parameter #1</th><th>Parameter #2</th><th>Parameter #3</th><th>Parameter #4</th><th>Parameter #5</th></tr><tr class="param stripe"><td>Login In Application</td><td></td><td></td><td></td><td></td></tr></table><p class="totop"><a href="#summary">back to summary</a></p><h3 id="m34">testCases.HybridExecuteTest#testLogin</h3><table class="result"><tr class="param"><th>Parameter #1</th><th>Parameter #2</th><th>Parameter #3</th><th>Parameter #4</th><th>Parameter #5</th></tr><tr class="param stripe"><td></td><td>CLICK</td><td>loginButton</td><td>name</td><td></td></tr></table><p class="totop"><a href="#summary">back to summary</a></p><h3 id="m35">testCases.HybridExecuteTest#testLogin</h3><table class="result"><tr class="param"><th>Parameter #1</th><th>Parameter #2</th><th>Parameter #3</th><th>Parameter #4</th><th>Parameter #5</th></tr><tr class="param stripe"><td></td><td>CLICK</td><td>loginButton</td><td>name</td><td></td></tr></table><p class="totop"><a href="#summary">back to summary</a></p><h3 id="m36">testCases.HybridExecuteTest#testLogin</h3><table class="result"><tr class="param"><th>Parameter #1</th><th>Parameter #2</th><th>Parameter #3</th><th>Parameter #4</th><th>Parameter #5</th></tr><tr class="param stripe"><td></td><td>SETTEXT</td><td>mob</td><td>name</td><td>988555.0</td></tr></table><p class="totop"><a href="#summary">back to summary</a></p><h3 id="m37">testCases.HybridExecuteTest#testLogin</h3><table class="result"><tr class="param"><th>Parameter #1</th><th>Parameter #2</th><th>Parameter #3</th><th>Parameter #4</th><th>Parameter #5</th></tr><tr class="param stripe"><td></td><td>SETTEXT</td><td>pass</td><td>name</td><td>tester</td></tr></table><p class="totop"><a href="#summary">back to summary</a></p><h3 id="m38">testCases.HybridExecuteTest#testLogin</h3><table class="result"><tr class="param"><th>Parameter #1</th><th>Parameter #2</th><th>Parameter #3</th><th>Parameter #4</th><th>Parameter #5</th></tr><tr class="param stripe"><td></td><td>SETTEXT</td><td>password</td><td>name</td><td>YbeqEzY</td></tr></table><p class="totop"><a href="#summary">back to summary</a></p><h3 id="m39">testCases.HybridExecuteTest#testLogin</h3><table class="result"><tr class="param"><th>Parameter #1</th><th>Parameter #2</th><th>Parameter #3</th><th>Parameter #4</th><th>Parameter #5</th></tr><tr class="param stripe"><td></td><td>SETTEXT</td><td>email</td><td>name</td><td>test1n235@gfddmail.com</td></tr></table><p class="totop"><a href="#summary">back to summary</a></p><h3 id="m40">testCases.HybridExecuteTest#testLogin</h3><table class="result"><tr class="param"><th>Parameter #1</th><th>Parameter #2</th><th>Parameter #3</th><th>Parameter #4</th><th>Parameter #5</th></tr><tr class="param stripe"><td></td><td>CLICK</td><td>submit</td><td>name</td><td>sub</td></tr></table><p class="totop"><a href="#summary">back to summary</a></p><h3 id="m41">testCases.HybridExecuteTest#testLogin</h3><table class="result"><tr class="param"><th>Parameter #1</th><th>Parameter #2</th><th>Parameter #3</th><th>Parameter #4</th><th>Parameter #5</th></tr><tr class="param stripe"><td></td><td>CLICK</td><td>loginButton</td><td>name</td><td></td></tr></table><p class="totop"><a href="#summary">back to summary</a></p><h3 id="m42">testCases.HybridExecuteTest#testLogin</h3><table class="result"><tr class="param"><th>Parameter #1</th><th>Parameter #2</th><th>Parameter #3</th><th>Parameter #4</th><th>Parameter #5</th></tr><tr class="param stripe"><td></td><td>CLICK</td><td>loginButton</td><td>name</td><td></td></tr></table><p class="totop"><a href="#summary">back to summary</a></p><h3 id="m43">testCases.HybridExecuteTest#testLogin</h3><table class="result"><tr class="param"><th>Parameter #1</th><th>Parameter #2</th><th>Parameter #3</th><th>Parameter #4</th><th>Parameter #5</th></tr><tr class="param stripe"><td></td><td>SETTEXT</td><td>pass</td><td>name</td><td>tester</td></tr></table><p class="totop"><a href="#summary">back to summary</a></p><h3 id="m44">testCases.HybridExecuteTest#testLogin</h3><table class="result"><tr class="param"><th>Parameter #1</th><th>Parameter #2</th><th>Parameter #3</th><th>Parameter #4</th><th>Parameter #5</th></tr><tr class="param stripe"><td></td><td>SETTEXT</td><td>cname</td><td>name</td><td>vincentn</td></tr></table><p class="totop"><a href="#summary">back to summary</a></p><h3 id="m45">testCases.HybridExecuteTest#testLogin</h3><table class="result"><tr class="param"><th>Parameter #1</th><th>Parameter #2</th><th>Parameter #3</th><th>Parameter #4</th><th>Parameter #5</th></tr><tr class="param stripe"><td></td><td>SETTEXT</td><td>dbirth</td><td>name</td><td>19/08/1984</td></tr></table><p class="totop"><a href="#summary">back to summary</a></p><h3 id="m46">testCases.HybridExecuteTest#testLogin</h3><table class="result"><tr class="param"><th>Parameter #1</th><th>Parameter #2</th><th>Parameter #3</th><th>Parameter #4</th><th>Parameter #5</th></tr><tr class="param stripe"><td></td><td>SETTEXT</td><td>username</td><td>name</td><td>mngr53809</td></tr></table><p class="totop"><a href="#summary">back to summary</a></p><h3 id="m47">testCases.HybridExecuteTest#testLogin</h3><table class="result"><tr class="param"><th>Parameter #1</th><th>Parameter #2</th><th>Parameter #3</th><th>Parameter #4</th><th>Parameter #5</th></tr><tr class="param stripe"><td></td><td>SETTEXT</td><td>username</td><td>name</td><td>mngr53809</td></tr></table><p class="totop"><a href="#summary">back to summary</a></p><h3 id="m48">testCases.HybridExecuteTest#testLogin</h3><table class="result"><tr class="param"><th>Parameter #1</th><th>Parameter #2</th><th>Parameter #3</th><th>Parameter #4</th><th>Parameter #5</th></tr><tr class="param stripe"><td></td><td>SETTEXT</td><td>password</td><td>name</td><td>zybymEn</td></tr></table><p class="totop"><a href="#summary">back to summary</a></p><h3 id="m49">testCases.HybridExecuteTest#testLogin</h3><table class="result"><tr class="param"><th>Parameter #1</th><th>Parameter #2</th><th>Parameter #3</th><th>Parameter #4</th><th>Parameter #5</th></tr><tr class="param stripe"><td>New Customer</td><td></td><td></td><td></td><td></td></tr></table><p class="totop"><a href="#summary">back to summary</a></p><h3 id="m50">testCases.HybridExecuteTest#testLogin</h3><table class="result"><tr class="param"><th>Parameter #1</th><th>Parameter #2</th><th>Parameter #3</th><th>Parameter #4</th><th>Parameter #5</th></tr><tr class="param stripe"><td></td><td>SETTEXT</td><td>sta</td><td>name</td><td>maharashtra</td></tr></table><p class="totop"><a href="#summary">back to summary</a></p><h3 id="m51">testCases.HybridExecuteTest#testLogin</h3><table class="result"><tr class="param"><th>Parameter #1</th><th>Parameter #2</th><th>Parameter #3</th><th>Parameter #4</th><th>Parameter #5</th></tr><tr class="param stripe"><td></td><td>GOTOURL</td><td></td><td></td><td>url</td></tr></table><p class="totop"><a href="#summary">back to summary</a></p><h3 id="m52">testCases.HybridExecuteTest#testLogin</h3><table class="result"><tr class="param"><th>Parameter #1</th><th>Parameter #2</th><th>Parameter #3</th><th>Parameter #4</th><th>Parameter #5</th></tr><tr class="param stripe"><td></td><td>SETTEXT</td><td>password</td><td>name</td><td>YbeqEzY</td></tr></table><p class="totop"><a href="#summary">back to summary</a></p><h3 id="m53">testCases.HybridExecuteTest#testLogin</h3><table class="result"><tr class="param"><th>Parameter #1</th><th>Parameter #2</th><th>Parameter #3</th><th>Parameter #4</th><th>Parameter #5</th></tr><tr class="param stripe"><td></td><td>CLICK</td><td>path</td><td>xpath</td><td></td></tr></table><p class="totop"><a href="#summary">back to summary</a></p><h3 id="m54">testCases.HybridExecuteTest#testLogin</h3><table class="result"><tr class="param"><th>Parameter #1</th><th>Parameter #2</th><th>Parameter #3</th><th>Parameter #4</th><th>Parameter #5</th></tr><tr class="param stripe"><td>New Customer</td><td></td><td></td><td></td><td></td></tr></table><p class="totop"><a href="#summary">back to summary</a></p><h3 id="m55">testCases.HybridExecuteTest#testLogin</h3><table class="result"><tr class="param"><th>Parameter #1</th><th>Parameter #2</th><th>Parameter #3</th><th>Parameter #4</th><th>Parameter #5</th></tr><tr class="param stripe"><td></td><td>SETTEXT</td><td>pin</td><td>name</td><td>400701.0</td></tr></table><p class="totop"><a href="#summary">back to summary</a></p><h3 id="m56">testCases.HybridExecuteTest#testLogin</h3><table class="result"><tr class="param"><th>Parameter #1</th><th>Parameter #2</th><th>Parameter #3</th><th>Parameter #4</th><th>Parameter #5</th></tr><tr class="param stripe"><td></td><td>CLICK</td><td>gender</td><td>name</td><td></td></tr></table><p class="totop"><a href="#summary">back to summary</a></p><h3 id="m57">testCases.HybridExecuteTest#testLogin</h3><table class="result"><tr class="param"><th>Parameter #1</th><th>Parameter #2</th><th>Parameter #3</th><th>Parameter #4</th><th>Parameter #5</th></tr><tr class="param stripe"><td></td><td>SETTEXT</td><td>password</td><td>name</td><td>YbeqEzY</td></tr></table><p class="totop"><a href="#summary">back to summary</a></p><h3 id="m58">testCases.HybridExecuteTest#testLogin</h3><table class="result"><tr class="param"><th>Parameter #1</th><th>Parameter #2</th><th>Parameter #3</th><th>Parameter #4</th><th>Parameter #5</th></tr><tr class="param stripe"><td></td><td>SETTEXT</td><td>password</td><td>name</td><td>zybymEn</td></tr></table><p class="totop"><a href="#summary">back to summary</a></p><h3 id="m59">testCases.HybridExecuteTest#testLogin</h3><table class="result"><tr class="param"><th>Parameter #1</th><th>Parameter #2</th><th>Parameter #3</th><th>Parameter #4</th><th>Parameter #5</th></tr><tr class="param stripe"><td></td><td>SETTEXT</td><td>dbirth</td><td>name</td><td>19/08/1984</td></tr></table><p class="totop"><a href="#summary">back to summary</a></p><h3 id="m60">testCases.HybridExecuteTest#testLogin</h3><table class="result"><tr class="param"><th>Parameter #1</th><th>Parameter #2</th><th>Parameter #3</th><th>Parameter #4</th><th>Parameter #5</th></tr><tr class="param stripe"><td></td><td>CLICK</td><td>gender</td><td>name</td><td></td></tr></table><p class="totop"><a href="#summary">back to summary</a></p><h3 id="m61">testCases.HybridExecuteTest#testLogin</h3><table class="result"><tr class="param"><th>Parameter #1</th><th>Parameter #2</th><th>Parameter #3</th><th>Parameter #4</th><th>Parameter #5</th></tr><tr class="param stripe"><td></td><td>SETTEXT</td><td>add</td><td>name</td><td>india</td></tr></table><p class="totop"><a href="#summary">back to summary</a></p><h3 id="m62">testCases.HybridExecuteTest#testLogin</h3><table class="result"><tr class="param"><th>Parameter #1</th><th>Parameter #2</th><th>Parameter #3</th><th>Parameter #4</th><th>Parameter #5</th></tr><tr class="param stripe"><td></td><td>GOTOURL</td><td></td><td></td><td>url</td></tr></table><p class="totop"><a href="#summary">back to summary</a></p><h3 id="m63">testCases.HybridExecuteTest#testLogin</h3><table class="result"><tr class="param"><th>Parameter #1</th><th>Parameter #2</th><th>Parameter #3</th><th>Parameter #4</th><th>Parameter #5</th></tr><tr class="param stripe"><td></td><td>SETTEXT</td><td>cty</td><td>name</td><td>navi mumbai</td></tr></table><p class="totop"><a href="#summary">back to summary</a></p><h3 id="m64">testCases.HybridExecuteTest#testLogin</h3><table class="result"><tr class="param"><th>Parameter #1</th><th>Parameter #2</th><th>Parameter #3</th><th>Parameter #4</th><th>Parameter #5</th></tr><tr class="param stripe"><td></td><td>SETTEXT</td><td>username</td><td>name</td><td>mngr53809</td></tr></table><p class="totop"><a href="#summary">back to summary</a></p><h3 id="m65">testCases.HybridExecuteTest#testLogin</h3><table class="result"><tr class="param"><th>Parameter #1</th><th>Parameter #2</th><th>Parameter #3</th><th>Parameter #4</th><th>Parameter #5</th></tr><tr class="param stripe"><td>New Customer</td><td></td><td></td><td></td><td></td></tr></table><p class="totop"><a href="#summary">back to summary</a></p><h3 id="m66">testCases.HybridExecuteTest#testLogin</h3><table class="result"><tr class="param"><th>Parameter #1</th><th>Parameter #2</th><th>Parameter #3</th><th>Parameter #4</th><th>Parameter #5</th></tr><tr class="param stripe"><td></td><td>SETTEXT</td><td>add</td><td>name</td><td>india</td></tr></table><p class="totop"><a href="#summary">back to summary</a></p><h3 id="m67">testCases.HybridExecuteTest#testLogin</h3><table class="result"><tr class="param"><th>Parameter #1</th><th>Parameter #2</th><th>Parameter #3</th><th>Parameter #4</th><th>Parameter #5</th></tr><tr class="param stripe"><td></td><td>SETTEXT</td><td>cname</td><td>name</td><td>vincentn</td></tr></table><p class="totop"><a href="#summary">back to summary</a></p><h3 id="m68">testCases.HybridExecuteTest#testLogin</h3><table class="result"><tr class="param"><th>Parameter #1</th><th>Parameter #2</th><th>Parameter #3</th><th>Parameter #4</th><th>Parameter #5</th></tr><tr class="param stripe"><td></td><td>GOTOURL</td><td></td><td></td><td>url</td></tr></table><p class="totop"><a href="#summary">back to summary</a></p><h3 id="m69">testCases.HybridExecuteTest#testLogin</h3><table class="result"><tr class="param"><th>Parameter #1</th><th>Parameter #2</th><th>Parameter #3</th><th>Parameter #4</th><th>Parameter #5</th></tr><tr class="param stripe"><td></td><td>SETTEXT</td><td>pass</td><td>name</td><td>tester</td></tr></table><p class="totop"><a href="#summary">back to summary</a></p><h3 id="m70">testCases.HybridExecuteTest#testLogin</h3><table class="result"><tr class="param"><th>Parameter #1</th><th>Parameter #2</th><th>Parameter #3</th><th>Parameter #4</th><th>Parameter #5</th></tr><tr class="param stripe"><td></td><td>SETTEXT</td><td>sta</td><td>name</td><td>maharashtra</td></tr></table><p class="totop"><a href="#summary">back to summary</a></p><h3 id="m71">testCases.HybridExecuteTest#testLogin</h3><table class="result"><tr class="param"><th>Parameter #1</th><th>Parameter #2</th><th>Parameter #3</th><th>Parameter #4</th><th>Parameter #5</th></tr><tr class="param stripe"><td></td><td>CLICK</td><td>loginButton</td><td>name</td><td></td></tr></table><p class="totop"><a href="#summary">back to summary</a></p><h3 id="m72">testCases.HybridExecuteTest#testLogin</h3><table class="result"><tr class="param"><th>Parameter #1</th><th>Parameter #2</th><th>Parameter #3</th><th>Parameter #4</th><th>Parameter #5</th></tr><tr class="param stripe"><td></td><td>SETTEXT</td><td>mob</td><td>name</td><td>988555.0</td></tr></table><p class="totop"><a href="#summary">back to summary</a></p></body></html>